Using pre-set license
Built from '2021.3/staging' branch; Version is '2021.3.21f1 (1b156197d683) revision 1774945'; Using compiler version '192829333'; Build Type 'Release'
OS: 'Windows 10  (10.0.19044) 64bit Professional' Language: 'fr' Physical Memory: 7981 MB
BatchMode: 1, IsHumanControllingUs: 0, StartBugReporterOnCrash: 0, Is64bit: 1, IsPro: 1

COMMAND LINE ARGUMENTS:
C:\Program Files\Unity\Hub\Editor\2021.3.21f1\Editor\Unity.exe
-adb2
-batchMode
-noUpm
-name
AssetImportWorker1
-projectPath
C:/Users/mJORDA/Desktop/very_stag_trip
-logFile
Logs/AssetImportWorker1.log
-srvPort
59311
Successfully changed project path to: C:/Users/mJORDA/Desktop/very_stag_trip
C:/Users/mJORDA/Desktop/very_stag_trip
[UnityMemory] Configuration Parameters - Can be set up in boot.config
    "memorysetup-bucket-allocator-granularity=16"
    "memorysetup-bucket-allocator-bucket-count=8"
    "memorysetup-bucket-allocator-block-size=33554432"
    "memorysetup-bucket-allocator-block-count=8"
    "memorysetup-main-allocator-block-size=16777216"
    "memorysetup-thread-allocator-block-size=16777216"
    "memorysetup-gfx-main-allocator-block-size=16777216"
    "memorysetup-gfx-thread-allocator-block-size=16777216"
    "memorysetup-cache-allocator-block-size=4194304"
    "memorysetup-typetree-allocator-block-size=2097152"
    "memorysetup-profiler-bucket-allocator-granularity=16"
    "memorysetup-profiler-bucket-allocator-bucket-count=8"
    "memorysetup-profiler-bucket-allocator-block-size=33554432"
    "memorysetup-profiler-bucket-allocator-block-count=8"
    "memorysetup-profiler-allocator-block-size=16777216"
    "memorysetup-profiler-editor-allocator-block-size=1048576"
    "memorysetup-temp-allocator-size-main=16777216"
    "memorysetup-job-temp-allocator-block-size=2097152"
    "memorysetup-job-temp-allocator-block-size-background=1048576"
    "memorysetup-job-temp-allocator-reduction-small-platforms=262144"
    "memorysetup-temp-allocator-size-background-worker=32768"
    "memorysetup-temp-allocator-size-job-worker=262144"
    "memorysetup-temp-allocator-size-preload-manager=33554432"
    "memorysetup-temp-allocator-size-nav-mesh-worker=65536"
    "memorysetup-temp-allocator-size-audio-worker=65536"
    "memorysetup-temp-allocator-size-cloud-worker=32768"
    "memorysetup-temp-allocator-size-gi-baking-worker=262144"
    "memorysetup-temp-allocator-size-gfx=262144"
Player connection [8708] Host "[IP] 172.27.128.1 [Port] 0 [Flags] 2 [Guid] 2783424288 [EditorId] 2783424288 [Version] 1048832 [Id] WindowsEditor(7,LPTGNINF0821001) [Debug] 1 [PackageName] WindowsEditor [ProjectName] Editor" joined multi-casting on [225.0.0.222:54997]...

Player connection [8708] Host "[IP] 172.27.128.1 [Port] 0 [Flags] 2 [Guid] 2783424288 [EditorId] 2783424288 [Version] 1048832 [Id] WindowsEditor(7,LPTGNINF0821001) [Debug] 1 [PackageName] WindowsEditor [ProjectName] Editor" joined alternative multi-casting on [225.0.0.222:34997]...

Refreshing native plugins compatible for Editor in 328.68 ms, found 3 plugins.
Preloading 0 native plugins for Editor in 0.00 ms.
Initialize engine version: 2021.3.21f1 (1b156197d683)
[Subsystems] Discovering subsystems at path C:/Program Files/Unity/Hub/Editor/2021.3.21f1/Editor/Data/Resources/UnitySubsystems
[Subsystems] Discovering subsystems at path C:/Users/mJORDA/Desktop/very_stag_trip/Assets
GfxDevice: creating device client; threaded=0; jobified=0
Direct3D:
    Version:  Direct3D 11.0 [level 11.1]
    Renderer: Intel(R) UHD Graphics (ID=0x8a56)
    Vendor:   Intel
    VRAM:     3990 MB
    Driver:   27.20.100.9079
Initialize mono
Mono path[0] = 'C:/Program Files/Unity/Hub/Editor/2021.3.21f1/Editor/Data/Managed'
Mono path[1] = 'C:/Program Files/Unity/Hub/Editor/2021.3.21f1/Editor/Data/MonoBleedingEdge/lib/mono/unityjit-win32'
Mono config path = 'C:/Program Files/Unity/Hub/Editor/2021.3.21f1/Editor/Data/MonoBleedingEdge/etc'
Using monoOptions --debugger-agent=transport=dt_socket,embedding=1,server=y,suspend=n,address=127.0.0.1:56588
Begin MonoManager ReloadAssembly
Registering precompiled unity dll's ...
Register platform support module: C:/Program Files/Unity/Hub/Editor/2021.3.21f1/Editor/Data/PlaybackEngines/WindowsStandaloneSupport/UnityEditor.WindowsStandalone.Extensions.dll
Registered in 0.016054 seconds.
Native extension for WindowsStandalone target not found
Refreshing native plugins compatible for Editor in 115.09 ms, found 3 plugins.
Preloading 0 native plugins for Editor in 0.00 ms.
Mono: successfully reloaded assembly
- Completed reload, in  2.050 seconds
Domain Reload Profiling:
	ReloadAssembly (2053ms)
		BeginReloadAssembly (301ms)
			ExecutionOrderSort (0ms)
			DisableScriptedObjects (0ms)
			BackupInstance (0ms)
			ReleaseScriptingObjects (0ms)
			CreateAndSetChildDomain (5ms)
		EndReloadAssembly (1282ms)
			LoadAssemblies (289ms)
			RebuildTransferFunctionScriptingTraits (1ms)
			SetupTypeCache (501ms)
			ReleaseScriptCaches (0ms)
			RebuildScriptCaches (43ms)
			SetupLoadedEditorAssemblies (642ms)
				LogAssemblyErrors (0ms)
				InitializePlatformSupportModulesInManaged (20ms)
				SetLoadedEditorAssemblies (0ms)
				RefreshPlugins (115ms)
				BeforeProcessingInitializeOnLoad (4ms)
				ProcessInitializeOnLoadAttributes (220ms)
				ProcessInitializeOnLoadMethodAttributes (282ms)
				AfterProcessingInitializeOnLoad (0ms)
				EditorAssembliesLoaded (1ms)
			ExecutionOrderSort2 (0ms)
			AwakeInstancesAfterBackupRestoration (0ms)
Platform modules already initialized, skipping
Registering precompiled user dll's ...
Registered in 0.024567 seconds.
Begin MonoManager ReloadAssembly
Native extension for WindowsStandalone target not found
Refreshing native plugins compatible for Editor in 0.60 ms, found 3 plugins.
Preloading 0 native plugins for Editor in 0.00 ms.
Mono: successfully reloaded assembly
- Completed reload, in  2.108 seconds
Domain Reload Profiling:
	ReloadAssembly (2110ms)
		BeginReloadAssembly (322ms)
			ExecutionOrderSort (0ms)
			DisableScriptedObjects (18ms)
			BackupInstance (0ms)
			ReleaseScriptingObjects (0ms)
			CreateAndSetChildDomain (32ms)
		EndReloadAssembly (1594ms)
			LoadAssemblies (272ms)
			RebuildTransferFunctionScriptingTraits (0ms)
			SetupTypeCache (529ms)
			ReleaseScriptCaches (1ms)
			RebuildScriptCaches (96ms)
			SetupLoadedEditorAssemblies (676ms)
				LogAssemblyErrors (0ms)
				InitializePlatformSupportModulesInManaged (9ms)
				SetLoadedEditorAssemblies (1ms)
				RefreshPlugins (1ms)
				BeforeProcessingInitializeOnLoad (137ms)
				ProcessInitializeOnLoadAttributes (485ms)
				ProcessInitializeOnLoadMethodAttributes (31ms)
				AfterProcessingInitializeOnLoad (13ms)
				EditorAssembliesLoaded (0ms)
			ExecutionOrderSort2 (0ms)
			AwakeInstancesAfterBackupRestoration (12ms)
Platform modules already initialized, skipping
========================================================================
Worker process is ready to serve import requests
Launched and connected shader compiler UnityShaderCompiler.exe after 0.24 seconds
Refreshing native plugins compatible for Editor in 0.73 ms, found 3 plugins.
Preloading 0 native plugins for Editor in 0.00 ms.
Unloading 3237 Unused Serialized files (Serialized files now loaded: 0)
Unloading 37 unused Assets / (186.5 KB). Loaded Objects now: 3717.
Memory consumption went from 188.8 MB to 188.6 MB.
Total: 7.683700 ms (FindLiveObjects: 0.347900 ms CreateObjectMapping: 0.224300 ms MarkObjects: 6.432800 ms  DeleteObjects: 0.677000 ms)

AssetImportParameters requested are different than current active one (requested -> active):
  custom:video-decoder-ogg-theora: a1e56fd34408186e4bbccfd4996cb3dc -> 
  custom:container-muxer-webm: aa71ff27fc2769a1b78a27578f13a17b -> 
  custom:container-demuxer-webm: 4f35f7cbe854078d1ac9338744f61a02 -> 
  custom:video-encoder-webm-vp8: eb34c28f22e8b96e1ab97ce403110664 -> 
  custom:audio-encoder-webm-vorbis: bf7c407c2cedff20999df2af8eb42d56 -> 
  custom:framework-win-MediaFoundation: 216162199b28c13a410421893ffa2e32 -> 
  custom:container-demuxer-ogg: 62fdf1f143b41e24485cea50d1cbac27 -> 
  custom:video-decoder-webm-vp8: 9c59270c3fd7afecdb556c50c9e8de78 -> 
  custom:audio-decoder-ogg-vorbis: bf7c407c2cedff20999df2af8eb42d56 -> 
========================================================================
Received Import Request.
  Time since last request: 155321.155874 seconds.
  path: Assets/Stag.fbx
  artifactKey: Guid(67eb2f57a5777ee4ba7e4c73a8500801) Importer(815301076,1909f56bfc062723c751e8b465ee728b)
Start importing Assets/Stag.fbx using Guid(67eb2f57a5777ee4ba7e4c73a8500801) Importer(815301076,1909f56bfc062723c751e8b465ee728b)  -> (artifact id: '59b18199b190d15bd939d871408125e9') in 0.868336 seconds 
========================================================================
Received Import Request.
  Time since last request: 0.000780 seconds.
  path: Assets/stamina_bg.png
  artifactKey: Guid(026a6507769605745bf853dcd98a440b) Importer(815301076,1909f56bfc062723c751e8b465ee728b)
Start importing Assets/stamina_bg.png using Guid(026a6507769605745bf853dcd98a440b) Importer(815301076,1909f56bfc062723c751e8b465ee728b)  -> (artifact id: '9b4c44fb9775c80d0ab800b968f314cb') in 0.140211 seconds 
========================================================================
Received Import Request.
  Time since last request: 0.000141 seconds.
  path: Assets/bordered_bar.png
  artifactKey: Guid(d0ed6dfa6d791d74dbb26bd4c475d272) Importer(815301076,1909f56bfc062723c751e8b465ee728b)
Start importing Assets/bordered_bar.png using Guid(d0ed6dfa6d791d74dbb26bd4c475d272) Importer(815301076,1909f56bfc062723c751e8b465ee728b)  -> (artifact id: '0192246d18ea40b9a5ccc9f0c87203fd') in 0.036060 seconds 
========================================================================
Received Import Request.
  Time since last request: 0.000058 seconds.
  path: Assets/RealStag_AnimController.controller
  artifactKey: Guid(ecce7be504f139e4d8acec5376b86b03) Importer(815301076,1909f56bfc062723c751e8b465ee728b)
Start importing Assets/RealStag_AnimController.controller using Guid(ecce7be504f139e4d8acec5376b86b03) Importer(815301076,1909f56bfc062723c751e8b465ee728b)  -> (artifact id: '06c306516e6884c79b854287400f5499') in 0.039848 seconds 
========================================================================
Received Import Request.
  Time since last request: 0.000037 seconds.
  path: Assets/thirst_bg.png
  artifactKey: Guid(806fed53a6917224e8d6a2cd3c267066) Importer(815301076,1909f56bfc062723c751e8b465ee728b)
Start importing Assets/thirst_bg.png using Guid(806fed53a6917224e8d6a2cd3c267066) Importer(815301076,1909f56bfc062723c751e8b465ee728b)  -> (artifact id: 'd687dc6ce9b13d403928609455bb5e0d') in 0.040506 seconds 
========================================================================
Received Import Request.
  Time since last request: 0.000042 seconds.
  path: Assets/food_bg.png
  artifactKey: Guid(3be91a307eabc4646a43db9b6f26be34) Importer(815301076,1909f56bfc062723c751e8b465ee728b)
Start importing Assets/food_bg.png using Guid(3be91a307eabc4646a43db9b6f26be34) Importer(815301076,1909f56bfc062723c751e8b465ee728b)  -> (artifact id: 'c6abeacf669a30cb47e3e2bd1cccf9fd') in 0.048182 seconds 
========================================================================
Received Import Request.
  Time since last request: 0.000048 seconds.
  path: Assets/Deer.fbx
  artifactKey: Guid(3400c11d650b8274e9b268b59efa4c18) Importer(815301076,1909f56bfc062723c751e8b465ee728b)
Start importing Assets/Deer.fbx using Guid(3400c11d650b8274e9b268b59efa4c18) Importer(815301076,1909f56bfc062723c751e8b465ee728b)  -> (artifact id: 'c3f473c357956cd349d84196fb52e156') in 0.444968 seconds 
========================================================================
Received Import Request.
  Time since last request: 45.145207 seconds.
  path: Assets/Stag.fbx
  artifactKey: Guid(67eb2f57a5777ee4ba7e4c73a8500801) Importer(815301076,1909f56bfc062723c751e8b465ee728b)
Start importing Assets/Stag.fbx using Guid(67eb2f57a5777ee4ba7e4c73a8500801) Importer(815301076,1909f56bfc062723c751e8b465ee728b)  -> (artifact id: '2877943b1da1e2d84cc98cb6599ac53a') in 0.635226 seconds 
========================================================================
Received Import Request.
  Time since last request: 76.069774 seconds.
  path: Assets/RealStag_AnimController.controller
  artifactKey: Guid(ecce7be504f139e4d8acec5376b86b03) Importer(815301076,1909f56bfc062723c751e8b465ee728b)
Start importing Assets/RealStag_AnimController.controller using Guid(ecce7be504f139e4d8acec5376b86b03) Importer(815301076,1909f56bfc062723c751e8b465ee728b)  -> (artifact id: '28bd0b25458aea21c31631e21c949738') in 0.253660 seconds 
========================================================================
Received Prepare
Registering precompiled user dll's ...
Registered in 0.046673 seconds.
Begin MonoManager ReloadAssembly
Native extension for WindowsStandalone target not found
Refreshing native plugins compatible for Editor in 1.14 ms, found 3 plugins.
Preloading 0 native plugins for Editor in 0.00 ms.
Mono: successfully reloaded assembly
- Completed reload, in  5.432 seconds
Domain Reload Profiling:
	ReloadAssembly (5447ms)
		BeginReloadAssembly (2229ms)
			ExecutionOrderSort (0ms)
			DisableScriptedObjects (26ms)
			BackupInstance (0ms)
			ReleaseScriptingObjects (0ms)
			CreateAndSetChildDomain (394ms)
		EndReloadAssembly (2659ms)
			LoadAssemblies (1672ms)
			RebuildTransferFunctionScriptingTraits (2ms)
			SetupTypeCache (1403ms)
			ReleaseScriptCaches (2ms)
			RebuildScriptCaches (130ms)
			SetupLoadedEditorAssemblies (601ms)
				LogAssemblyErrors (0ms)
				InitializePlatformSupportModulesInManaged (12ms)
				SetLoadedEditorAssemblies (2ms)
				RefreshPlugins (1ms)
				BeforeProcessingInitializeOnLoad (146ms)
				ProcessInitializeOnLoadAttributes (395ms)
				ProcessInitializeOnLoadMethodAttributes (31ms)
				AfterProcessingInitializeOnLoad (15ms)
				EditorAssembliesLoaded (0ms)
			ExecutionOrderSort2 (0ms)
			AwakeInstancesAfterBackupRestoration (10ms)
Platform modules already initialized, skipping
Refreshing native plugins compatible for Editor in 5.56 ms, found 3 plugins.
Preloading 0 native plugins for Editor in 0.00 ms.
Unloading 3207 Unused Serialized files (Serialized files now loaded: 0)
Unloading 18 unused Assets / (153.3 KB). Loaded Objects now: 3784.
Memory consumption went from 203.4 MB to 203.2 MB.
Total: 7.598900 ms (FindLiveObjects: 0.336600 ms CreateObjectMapping: 0.277800 ms MarkObjects: 6.215400 ms  DeleteObjects: 0.767500 ms)

AssetImportParameters requested are different than current active one (requested -> active):
  custom:video-decoder-ogg-theora: a1e56fd34408186e4bbccfd4996cb3dc -> 
  custom:container-muxer-webm: aa71ff27fc2769a1b78a27578f13a17b -> 
  custom:container-demuxer-webm: 4f35f7cbe854078d1ac9338744f61a02 -> 
  custom:video-encoder-webm-vp8: eb34c28f22e8b96e1ab97ce403110664 -> 
  custom:audio-encoder-webm-vorbis: bf7c407c2cedff20999df2af8eb42d56 -> 
  custom:framework-win-MediaFoundation: 216162199b28c13a410421893ffa2e32 -> 
  custom:container-demuxer-ogg: 62fdf1f143b41e24485cea50d1cbac27 -> 
  custom:video-decoder-webm-vp8: 9c59270c3fd7afecdb556c50c9e8de78 -> 
  custom:audio-decoder-ogg-vorbis: bf7c407c2cedff20999df2af8eb42d56 -> 
========================================================================
Received Prepare
Registering precompiled user dll's ...
Registered in 0.012126 seconds.
Begin MonoManager ReloadAssembly
Native extension for WindowsStandalone target not found
Refreshing native plugins compatible for Editor in 0.89 ms, found 3 plugins.
Preloading 0 native plugins for Editor in 0.00 ms.
Mono: successfully reloaded assembly
- Completed reload, in  8.253 seconds
Domain Reload Profiling:
	ReloadAssembly (8254ms)
		BeginReloadAssembly (4135ms)
			ExecutionOrderSort (0ms)
			DisableScriptedObjects (82ms)
			BackupInstance (0ms)
			ReleaseScriptingObjects (1ms)
			CreateAndSetChildDomain (1436ms)
		EndReloadAssembly (2803ms)
			LoadAssemblies (2400ms)
			RebuildTransferFunctionScriptingTraits (0ms)
			SetupTypeCache (1017ms)
			ReleaseScriptCaches (4ms)
			RebuildScriptCaches (74ms)
			SetupLoadedEditorAssemblies (957ms)
				LogAssemblyErrors (0ms)
				InitializePlatformSupportModulesInManaged (11ms)
				SetLoadedEditorAssemblies (1ms)
				RefreshPlugins (1ms)
				BeforeProcessingInitializeOnLoad (185ms)
				ProcessInitializeOnLoadAttributes (722ms)
				ProcessInitializeOnLoadMethodAttributes (26ms)
				AfterProcessingInitializeOnLoad (11ms)
				EditorAssembliesLoaded (0ms)
			ExecutionOrderSort2 (0ms)
			AwakeInstancesAfterBackupRestoration (10ms)
Platform modules already initialized, skipping
Refreshing native plugins compatible for Editor in 7.69 ms, found 3 plugins.
Preloading 0 native plugins for Editor in 0.00 ms.
Unloading 3207 Unused Serialized files (Serialized files now loaded: 0)
Unloading 18 unused Assets / (153.3 KB). Loaded Objects now: 3799.
Memory consumption went from 203.4 MB to 203.3 MB.
Total: 27.413900 ms (FindLiveObjects: 0.699600 ms CreateObjectMapping: 0.451000 ms MarkObjects: 22.955200 ms  DeleteObjects: 3.305700 ms)

AssetImportParameters requested are different than current active one (requested -> active):
  custom:video-decoder-ogg-theora: a1e56fd34408186e4bbccfd4996cb3dc -> 
  custom:container-muxer-webm: aa71ff27fc2769a1b78a27578f13a17b -> 
  custom:container-demuxer-webm: 4f35f7cbe854078d1ac9338744f61a02 -> 
  custom:video-encoder-webm-vp8: eb34c28f22e8b96e1ab97ce403110664 -> 
  custom:audio-encoder-webm-vorbis: bf7c407c2cedff20999df2af8eb42d56 -> 
  custom:framework-win-MediaFoundation: 216162199b28c13a410421893ffa2e32 -> 
  custom:container-demuxer-ogg: 62fdf1f143b41e24485cea50d1cbac27 -> 
  custom:video-decoder-webm-vp8: 9c59270c3fd7afecdb556c50c9e8de78 -> 
  custom:audio-decoder-ogg-vorbis: bf7c407c2cedff20999df2af8eb42d56 -> 
========================================================================
Received Import Request.
  Time since last request: 107.254192 seconds.
  path: Assets/RealStag_AnimController.controller
  artifactKey: Guid(ecce7be504f139e4d8acec5376b86b03) Importer(815301076,1909f56bfc062723c751e8b465ee728b)
Start importing Assets/RealStag_AnimController.controller using Guid(ecce7be504f139e4d8acec5376b86b03) Importer(815301076,1909f56bfc062723c751e8b465ee728b)  -> (artifact id: '4f53712b99478b378d70405bff4ad8ee') in 0.063346 seconds 
========================================================================
Received Import Request.
  Time since last request: 49.823330 seconds.
  path: Assets/Stag.fbx
  artifactKey: Guid(67eb2f57a5777ee4ba7e4c73a8500801) Importer(815301076,1909f56bfc062723c751e8b465ee728b)
Start importing Assets/Stag.fbx using Guid(67eb2f57a5777ee4ba7e4c73a8500801) Importer(815301076,1909f56bfc062723c751e8b465ee728b)  -> (artifact id: 'be9f011d8ec7851fb18441ac914ae176') in 0.905642 seconds 
========================================================================
Received Import Request.
  Time since last request: 25.271571 seconds.
  path: Assets/RealStag_AnimController.controller
  artifactKey: Guid(ecce7be504f139e4d8acec5376b86b03) Importer(815301076,1909f56bfc062723c751e8b465ee728b)
Start importing Assets/RealStag_AnimController.controller using Guid(ecce7be504f139e4d8acec5376b86b03) Importer(815301076,1909f56bfc062723c751e8b465ee728b)  -> (artifact id: '01abef80b2349983a0d4f0ba9d6e4eca') in 0.027592 seconds 
========================================================================
Received Import Request.
  Time since last request: 0.801236 seconds.
  path: Assets/RealStag_AnimController.controller
  artifactKey: Guid(ecce7be504f139e4d8acec5376b86b03) Importer(815301076,1909f56bfc062723c751e8b465ee728b)
Start importing Assets/RealStag_AnimController.controller using Guid(ecce7be504f139e4d8acec5376b86b03) Importer(815301076,1909f56bfc062723c751e8b465ee728b)  -> (artifact id: '82aa2f70d67e1bc5133bb18f2f5d1451') in 0.016334 seconds 
========================================================================
Received Prepare
Registering precompiled user dll's ...
Registered in 0.010486 seconds.
Begin MonoManager ReloadAssembly
Native extension for WindowsStandalone target not found
Refreshing native plugins compatible for Editor in 4.66 ms, found 3 plugins.
Preloading 0 native plugins for Editor in 0.00 ms.
Mono: successfully reloaded assembly
- Completed reload, in 10.351 seconds
Domain Reload Profiling:
	ReloadAssembly (10356ms)
		BeginReloadAssembly (1747ms)
			ExecutionOrderSort (0ms)
			DisableScriptedObjects (51ms)
			BackupInstance (0ms)
			ReleaseScriptingObjects (2ms)
			CreateAndSetChildDomain (747ms)
		EndReloadAssembly (7579ms)
			LoadAssemblies (851ms)
			RebuildTransferFunctionScriptingTraits (0ms)
			SetupTypeCache (2654ms)
			ReleaseScriptCaches (8ms)
			RebuildScriptCaches (579ms)
			SetupLoadedEditorAssemblies (3175ms)
				LogAssemblyErrors (0ms)
				InitializePlatformSupportModulesInManaged (36ms)
				SetLoadedEditorAssemblies (11ms)
				RefreshPlugins (6ms)
				BeforeProcessingInitializeOnLoad (669ms)
				ProcessInitializeOnLoadAttributes (2215ms)
				ProcessInitializeOnLoadMethodAttributes (151ms)
				AfterProcessingInitializeOnLoad (79ms)
				EditorAssembliesLoaded (9ms)
			ExecutionOrderSort2 (0ms)
			AwakeInstancesAfterBackupRestoration (57ms)
Platform modules already initialized, skipping
Refreshing native plugins compatible for Editor in 2.76 ms, found 3 plugins.
Preloading 0 native plugins for Editor in 0.00 ms.
Unloading 3207 Unused Serialized files (Serialized files now loaded: 0)
Unloading 18 unused Assets / (153.3 KB). Loaded Objects now: 3814.
Memory consumption went from 203.4 MB to 203.3 MB.
Total: 4.568700 ms (FindLiveObjects: 0.376900 ms CreateObjectMapping: 0.241500 ms MarkObjects: 3.811900 ms  DeleteObjects: 0.136700 ms)

AssetImportParameters requested are different than current active one (requested -> active):
  custom:video-decoder-ogg-theora: a1e56fd34408186e4bbccfd4996cb3dc -> 
  custom:container-muxer-webm: aa71ff27fc2769a1b78a27578f13a17b -> 
  custom:container-demuxer-webm: 4f35f7cbe854078d1ac9338744f61a02 -> 
  custom:video-encoder-webm-vp8: eb34c28f22e8b96e1ab97ce403110664 -> 
  custom:audio-encoder-webm-vorbis: bf7c407c2cedff20999df2af8eb42d56 -> 
  custom:framework-win-MediaFoundation: 216162199b28c13a410421893ffa2e32 -> 
  custom:container-demuxer-ogg: 62fdf1f143b41e24485cea50d1cbac27 -> 
  custom:video-decoder-webm-vp8: 9c59270c3fd7afecdb556c50c9e8de78 -> 
  custom:audio-decoder-ogg-vorbis: bf7c407c2cedff20999df2af8eb42d56 -> 
========================================================================
Received Import Request.
  Time since last request: 88.368693 seconds.
  path: Assets/Stag.fbx
  artifactKey: Guid(67eb2f57a5777ee4ba7e4c73a8500801) Importer(815301076,1909f56bfc062723c751e8b465ee728b)
Start importing Assets/Stag.fbx using Guid(67eb2f57a5777ee4ba7e4c73a8500801) Importer(815301076,1909f56bfc062723c751e8b465ee728b)  -> (artifact id: '3e762ccee6df68c5ad4e5bbedf15eed5') in 0.250082 seconds 
========================================================================
Received Prepare
Registering precompiled user dll's ...
Registered in 0.012195 seconds.
Begin MonoManager ReloadAssembly
Native extension for WindowsStandalone target not found
Refreshing native plugins compatible for Editor in 6.19 ms, found 3 plugins.
Preloading 0 native plugins for Editor in 0.00 ms.
Mono: successfully reloaded assembly
- Completed reload, in 10.925 seconds
Domain Reload Profiling:
	ReloadAssembly (10932ms)
		BeginReloadAssembly (920ms)
			ExecutionOrderSort (0ms)
			DisableScriptedObjects (49ms)
			BackupInstance (0ms)
			ReleaseScriptingObjects (0ms)
			CreateAndSetChildDomain (189ms)
		EndReloadAssembly (8892ms)
			LoadAssemblies (718ms)
			RebuildTransferFunctionScriptingTraits (0ms)
			SetupTypeCache (3761ms)
			ReleaseScriptCaches (11ms)
			RebuildScriptCaches (502ms)
			SetupLoadedEditorAssemblies (3360ms)
				LogAssemblyErrors (0ms)
				InitializePlatformSupportModulesInManaged (55ms)
				SetLoadedEditorAssemblies (3ms)
				RefreshPlugins (6ms)
				BeforeProcessingInitializeOnLoad (551ms)
				ProcessInitializeOnLoadAttributes (2475ms)
				ProcessInitializeOnLoadMethodAttributes (182ms)
				AfterProcessingInitializeOnLoad (87ms)
				EditorAssembliesLoaded (1ms)
			ExecutionOrderSort2 (0ms)
			AwakeInstancesAfterBackupRestoration (58ms)
Platform modules already initialized, skipping
Refreshing native plugins compatible for Editor in 2.41 ms, found 3 plugins.
Preloading 0 native plugins for Editor in 0.00 ms.
Unloading 3207 Unused Serialized files (Serialized files now loaded: 0)
Unloading 18 unused Assets / (153.4 KB). Loaded Objects now: 3829.
Memory consumption went from 203.5 MB to 203.3 MB.
Total: 4.059600 ms (FindLiveObjects: 0.312100 ms CreateObjectMapping: 0.261800 ms MarkObjects: 3.324900 ms  DeleteObjects: 0.159300 ms)

AssetImportParameters requested are different than current active one (requested -> active):
  custom:video-decoder-ogg-theora: a1e56fd34408186e4bbccfd4996cb3dc -> 
  custom:container-muxer-webm: aa71ff27fc2769a1b78a27578f13a17b -> 
  custom:container-demuxer-webm: 4f35f7cbe854078d1ac9338744f61a02 -> 
  custom:video-encoder-webm-vp8: eb34c28f22e8b96e1ab97ce403110664 -> 
  custom:audio-encoder-webm-vorbis: bf7c407c2cedff20999df2af8eb42d56 -> 
  custom:framework-win-MediaFoundation: 216162199b28c13a410421893ffa2e32 -> 
  custom:container-demuxer-ogg: 62fdf1f143b41e24485cea50d1cbac27 -> 
  custom:video-decoder-webm-vp8: 9c59270c3fd7afecdb556c50c9e8de78 -> 
  custom:audio-decoder-ogg-vorbis: bf7c407c2cedff20999df2af8eb42d56 -> 
========================================================================
Received Import Request.
  Time since last request: 27.473740 seconds.
  path: Assets/Stag.fbx
  artifactKey: Guid(67eb2f57a5777ee4ba7e4c73a8500801) Importer(815301076,1909f56bfc062723c751e8b465ee728b)
Start importing Assets/Stag.fbx using Guid(67eb2f57a5777ee4ba7e4c73a8500801) Importer(815301076,1909f56bfc062723c751e8b465ee728b)  -> (artifact id: 'd75720bd987fbcc8d6c0cf586a20f048') in 0.162021 seconds 
========================================================================
Received Import Request.
  Time since last request: 604.419492 seconds.
  path: Assets/Apple.fbx
  artifactKey: Guid(bbf5d818a9ba26d4c838a3411e6306d1) Importer(815301076,1909f56bfc062723c751e8b465ee728b)
Start importing Assets/Apple.fbx using Guid(bbf5d818a9ba26d4c838a3411e6306d1) Importer(815301076,1909f56bfc062723c751e8b465ee728b)  -> (artifact id: '956739a31b00c94fbd7037df6196e7cc') in 1.077687 seconds 
========================================================================
Received Import Request.
  Time since last request: 0.000607 seconds.
  path: Assets/Lettuce_Whole.fbx
  artifactKey: Guid(26f2d2a9ccc877947bec4d45b40d6b0f) Importer(815301076,1909f56bfc062723c751e8b465ee728b)
Start importing Assets/Lettuce_Whole.fbx using Guid(26f2d2a9ccc877947bec4d45b40d6b0f) Importer(815301076,1909f56bfc062723c751e8b465ee728b)  -> (artifact id: '359e64e22d8a250291d5d41cfef3e031') in 0.098993 seconds 
========================================================================
Received Import Request.
  Time since last request: 0.000055 seconds.
  path: Assets/Turnip.fbx
  artifactKey: Guid(b9b506d41cfc18245b4b76a9300a3291) Importer(815301076,1909f56bfc062723c751e8b465ee728b)
Start importing Assets/Turnip.fbx using Guid(b9b506d41cfc18245b4b76a9300a3291) Importer(815301076,1909f56bfc062723c751e8b465ee728b)  -> (artifact id: 'bf1c531f3d4607803ecfe74558df4eac') in 0.696868 seconds 
========================================================================
Received Import Request.
  Time since last request: 0.000039 seconds.
  path: Assets/Carrot.fbx
  artifactKey: Guid(b9a5d879e56f81b438fccdaceee5b279) Importer(815301076,1909f56bfc062723c751e8b465ee728b)
Start importing Assets/Carrot.fbx using Guid(b9a5d879e56f81b438fccdaceee5b279) Importer(815301076,1909f56bfc062723c751e8b465ee728b)  -> (artifact id: '21124738687c5c7080c5e4da07b9d087') in 0.172393 seconds 
========================================================================
Received Import Request.
  Time since last request: 0.000073 seconds.
  path: Assets/Lettuce.fbx
  artifactKey: Guid(85783e27273085b4188c70869ed32bc3) Importer(815301076,1909f56bfc062723c751e8b465ee728b)
Start importing Assets/Lettuce.fbx using Guid(85783e27273085b4188c70869ed32bc3) Importer(815301076,1909f56bfc062723c751e8b465ee728b)  -> (artifact id: 'a4b013e0b2f472707a0a55c578594d26') in 0.651359 seconds 
========================================================================
Received Import Request.
  Time since last request: 202.800419 seconds.
  path: Assets/Birb.fbx
  artifactKey: Guid(eb28ec27fc556c04a88747e0c2f8adfe) Importer(815301076,1909f56bfc062723c751e8b465ee728b)
Start importing Assets/Birb.fbx using Guid(eb28ec27fc556c04a88747e0c2f8adfe) Importer(815301076,1909f56bfc062723c751e8b465ee728b)  -> (artifact id: '8827676ad91c3941f034411ba4e85aa0') in 0.306644 seconds 
========================================================================
Received Import Request.
  Time since last request: 103.753200 seconds.
  path: Assets/Apple.fbx
  artifactKey: Guid(bbf5d818a9ba26d4c838a3411e6306d1) Importer(815301076,1909f56bfc062723c751e8b465ee728b)
Start importing Assets/Apple.fbx using Guid(bbf5d818a9ba26d4c838a3411e6306d1) Importer(815301076,1909f56bfc062723c751e8b465ee728b)  -> (artifact id: '084cb23cbd73696540e9790c12d193bd') in 0.134143 seconds 
========================================================================
Received Import Request.
  Time since last request: 0.000052 seconds.
  path: Assets/DarkBrown.mat
  artifactKey: Guid(6e7fc76fa36e01145b319279291ab229) Importer(815301076,1909f56bfc062723c751e8b465ee728b)
Start importing Assets/DarkBrown.mat using Guid(6e7fc76fa36e01145b319279291ab229) Importer(815301076,1909f56bfc062723c751e8b465ee728b)  -> (artifact id: 'a86f50c7d5e7f5853c40a7e9f9310164') in 0.135045 seconds 
========================================================================
Received Import Request.
  Time since last request: 0.000032 seconds.
  path: Assets/DarkGreen.mat
  artifactKey: Guid(9a1ea097d9348c84eb1fff9470b5bdf8) Importer(815301076,1909f56bfc062723c751e8b465ee728b)
Start importing Assets/DarkGreen.mat using Guid(9a1ea097d9348c84eb1fff9470b5bdf8) Importer(815301076,1909f56bfc062723c751e8b465ee728b)  -> (artifact id: 'a4a73b7fe7a50f03ea0f82f0384eb09e') in 0.070531 seconds 
========================================================================
Received Import Request.
  Time since last request: 0.000213 seconds.
  path: Assets/DarkRed.mat
  artifactKey: Guid(3516b9e6a22b7914e9f31918849cdb8f) Importer(815301076,1909f56bfc062723c751e8b465ee728b)
Start importing Assets/DarkRed.mat using Guid(3516b9e6a22b7914e9f31918849cdb8f) Importer(815301076,1909f56bfc062723c751e8b465ee728b)  -> (artifact id: 'bed86df9389c64f260daf2b30f930c2c') in 0.032870 seconds 
========================================================================
Received Import Request.
  Time since last request: 58.925415 seconds.
  path: Assets/ExtractedMaterials
  artifactKey: Guid(86954ab9c6244dc48b9bc26182d72daf) Importer(815301076,1909f56bfc062723c751e8b465ee728b)
Start importing Assets/ExtractedMaterials using Guid(86954ab9c6244dc48b9bc26182d72daf) Importer(815301076,1909f56bfc062723c751e8b465ee728b)  -> (artifact id: '70c0e10ceed1d8c2d687cf590d096a5a') in 0.041443 seconds 
========================================================================
Received Import Request.
  Time since last request: 11.280357 seconds.
  path: Assets/Secondary Models
  artifactKey: Guid(323d3e9794a98a64eaa370e202a2c953) Importer(815301076,1909f56bfc062723c751e8b465ee728b)
Start importing Assets/Secondary Models using Guid(323d3e9794a98a64eaa370e202a2c953) Importer(815301076,1909f56bfc062723c751e8b465ee728b)  -> (artifact id: '8bcf7fe49fd601869ad9b8527e3a2f42') in 0.017724 seconds 
========================================================================
Received Import Request.
  Time since last request: 28.071869 seconds.
  path: Assets/Terrain Layers
  artifactKey: Guid(f249b0d1eaec2b242a7df0df4f232f4f) Importer(815301076,1909f56bfc062723c751e8b465ee728b)
Start importing Assets/Terrain Layers using Guid(f249b0d1eaec2b242a7df0df4f232f4f) Importer(815301076,1909f56bfc062723c751e8b465ee728b)  -> (artifact id: '3ec658ff52a917aca4560b8800947d1d') in 0.026358 seconds 
========================================================================
Received Import Request.
  Time since last request: 6.940679 seconds.
  path: Assets/Primary Models
  artifactKey: Guid(88b6f3c7c29ea5246b56868610c86789) Importer(815301076,1909f56bfc062723c751e8b465ee728b)
Start importing Assets/Primary Models using Guid(88b6f3c7c29ea5246b56868610c86789) Importer(815301076,1909f56bfc062723c751e8b465ee728b)  -> (artifact id: '846c0235fec283a96b98146343363cbc') in 0.045344 seconds 
========================================================================
Received Import Request.
  Time since last request: 5.149657 seconds.
  path: Assets/Scripts
  artifactKey: Guid(a7473350983e52d46b6acdfa6ae101f0) Importer(815301076,1909f56bfc062723c751e8b465ee728b)
Start importing Assets/Scripts using Guid(a7473350983e52d46b6acdfa6ae101f0) Importer(815301076,1909f56bfc062723c751e8b465ee728b)  -> (artifact id: 'af501c3829ac736d4d7d3a1ee91e3dda') in 0.047661 seconds 
========================================================================
Received Import Request.
  Time since last request: 49.689004 seconds.
  path: Assets/Models -- Primary
  artifactKey: Guid(88b6f3c7c29ea5246b56868610c86789) Importer(815301076,1909f56bfc062723c751e8b465ee728b)
Start importing Assets/Models -- Primary using Guid(88b6f3c7c29ea5246b56868610c86789) Importer(815301076,1909f56bfc062723c751e8b465ee728b)  -> (artifact id: '302524eb56ada55bded8d49119985c37') in 0.038762 seconds 
========================================================================
Received Import Request.
  Time since last request: 6.307900 seconds.
  path: Assets/Models -- Secondary
  artifactKey: Guid(323d3e9794a98a64eaa370e202a2c953) Importer(815301076,1909f56bfc062723c751e8b465ee728b)
Start importing Assets/Models -- Secondary using Guid(323d3e9794a98a64eaa370e202a2c953) Importer(815301076,1909f56bfc062723c751e8b465ee728b)  -> (artifact id: '73e5b5eef971791cd312ca7ea4afcd10') in 0.032776 seconds 
========================================================================
Received Import Request.
  Time since last request: 12.536228 seconds.
  path: Assets/Models -- Extracted Materials
  artifactKey: Guid(86954ab9c6244dc48b9bc26182d72daf) Importer(815301076,1909f56bfc062723c751e8b465ee728b)
Start importing Assets/Models -- Extracted Materials using Guid(86954ab9c6244dc48b9bc26182d72daf) Importer(815301076,1909f56bfc062723c751e8b465ee728b)  -> (artifact id: '7bc7455c166d07ca2ac31dd1210d8b38') in 0.023092 seconds 
========================================================================
Received Import Request.
  Time since last request: 4.109286 seconds.
  path: Assets/Handpainted_Grass_and_Ground_Textures/Textures/Dirt/dirt_overcorrupted/dirt_overcorrupted_up.png
  artifactKey: Guid(7f322789625325f40af5296c839409dd) Importer(815301076,1909f56bfc062723c751e8b465ee728b)
Start importing Assets/Handpainted_Grass_and_Ground_Textures/Textures/Dirt/dirt_overcorrupted/dirt_overcorrupted_up.png using Guid(7f322789625325f40af5296c839409dd) Importer(815301076,1909f56bfc062723c751e8b465ee728b)  -> (artifact id: '562c67cccbad207ce76a39ecae5be3e3') in 0.452715 seconds 
========================================================================
Received Import Request.
  Time since last request: 9.453449 seconds.
  path: Assets/RabbitScript.cs
  artifactKey: Guid(276fbfc2e0b6012468287ebbd681d64d) Importer(815301076,1909f56bfc062723c751e8b465ee728b)
Start importing Assets/RabbitScript.cs using Guid(276fbfc2e0b6012468287ebbd681d64d) Importer(815301076,1909f56bfc062723c751e8b465ee728b)  -> (artifact id: '0e173e1c4d18fc87843428ecdc850406') in 0.059614 seconds 
========================================================================
Received Import Request.
  Time since last request: 1.256764 seconds.
  path: Assets/DialogueManager.cs
  artifactKey: Guid(1236068fe00f43b4d88482a44e49a740) Importer(815301076,1909f56bfc062723c751e8b465ee728b)
Start importing Assets/DialogueManager.cs using Guid(1236068fe00f43b4d88482a44e49a740) Importer(815301076,1909f56bfc062723c751e8b465ee728b)  -> (artifact id: 'f1c58ab271af83a129425f7565c8c905') in 0.025345 seconds 
========================================================================
Received Import Request.
  Time since last request: 9.009036 seconds.
  path: Assets/Sprites
  artifactKey: Guid(42b16913215184644826a0bbf79d2912) Importer(815301076,1909f56bfc062723c751e8b465ee728b)
Start importing Assets/Sprites using Guid(42b16913215184644826a0bbf79d2912) Importer(815301076,1909f56bfc062723c751e8b465ee728b)  -> (artifact id: '4d790373a28c3ea7530f84557c0d0334') in 0.299013 seconds 
========================================================================
Received Import Request.
  Time since last request: 16.462350 seconds.
  path: Assets/Materials
  artifactKey: Guid(18751ef4200ae934e8f46746392817c4) Importer(815301076,1909f56bfc062723c751e8b465ee728b)
Start importing Assets/Materials using Guid(18751ef4200ae934e8f46746392817c4) Importer(815301076,1909f56bfc062723c751e8b465ee728b)  -> (artifact id: 'ab4d98ccec2af73c3dc4522a2585f171') in 0.329391 seconds 
========================================================================
Received Prepare
Registering precompiled user dll's ...
Registered in 0.023964 seconds.
Begin MonoManager ReloadAssembly
Native extension for WindowsStandalone target not found
Refreshing native plugins compatible for Editor in 0.77 ms, found 3 plugins.
Preloading 0 native plugins for Editor in 0.00 ms.
Mono: successfully reloaded assembly
- Completed reload, in  3.746 seconds
Domain Reload Profiling:
	ReloadAssembly (3750ms)
		BeginReloadAssembly (1424ms)
			ExecutionOrderSort (1ms)
			DisableScriptedObjects (164ms)
			BackupInstance (0ms)
			ReleaseScriptingObjects (0ms)
			CreateAndSetChildDomain (512ms)
		EndReloadAssembly (2056ms)
			LoadAssemblies (536ms)
			RebuildTransferFunctionScriptingTraits (1ms)
			SetupTypeCache (713ms)
			ReleaseScriptCaches (10ms)
			RebuildScriptCaches (96ms)
			SetupLoadedEditorAssemblies (882ms)
				LogAssemblyErrors (0ms)
				InitializePlatformSupportModulesInManaged (13ms)
				SetLoadedEditorAssemblies (4ms)
				RefreshPlugins (1ms)
				BeforeProcessingInitializeOnLoad (136ms)
				ProcessInitializeOnLoadAttributes (674ms)
				ProcessInitializeOnLoadMethodAttributes (43ms)
				AfterProcessingInitializeOnLoad (11ms)
				EditorAssembliesLoaded (0ms)
			ExecutionOrderSort2 (0ms)
			AwakeInstancesAfterBackupRestoration (9ms)
Platform modules already initialized, skipping
Refreshing native plugins compatible for Editor in 3.83 ms, found 3 plugins.
Preloading 0 native plugins for Editor in 0.00 ms.
Unloading 3207 Unused Serialized files (Serialized files now loaded: 0)
Unloading 18 unused Assets / (153.3 KB). Loaded Objects now: 3845.
Memory consumption went from 203.6 MB to 203.4 MB.
Total: 21.753600 ms (FindLiveObjects: 0.430100 ms CreateObjectMapping: 0.199300 ms MarkObjects: 13.413000 ms  DeleteObjects: 7.707800 ms)

AssetImportParameters requested are different than current active one (requested -> active):
  custom:video-decoder-ogg-theora: a1e56fd34408186e4bbccfd4996cb3dc -> 
  custom:container-muxer-webm: aa71ff27fc2769a1b78a27578f13a17b -> 
  custom:container-demuxer-webm: 4f35f7cbe854078d1ac9338744f61a02 -> 
  custom:video-encoder-webm-vp8: eb34c28f22e8b96e1ab97ce403110664 -> 
  custom:audio-encoder-webm-vorbis: bf7c407c2cedff20999df2af8eb42d56 -> 
  custom:framework-win-MediaFoundation: 216162199b28c13a410421893ffa2e32 -> 
  custom:container-demuxer-ogg: 62fdf1f143b41e24485cea50d1cbac27 -> 
  custom:video-decoder-webm-vp8: 9c59270c3fd7afecdb556c50c9e8de78 -> 
  custom:audio-decoder-ogg-vorbis: bf7c407c2cedff20999df2af8eb42d56 -> 
========================================================================
Received Import Request.
  Time since last request: 24.851625 seconds.
  path: Assets/Models -- Extracted Materials/Stag/Material.011.mat
  artifactKey: Guid(4bf0af89cbf37ec4ba337d10e3691590) Importer(815301076,1909f56bfc062723c751e8b465ee728b)
Start importing Assets/Models -- Extracted Materials/Stag/Material.011.mat using Guid(4bf0af89cbf37ec4ba337d10e3691590) Importer(815301076,1909f56bfc062723c751e8b465ee728b)  -> (artifact id: 'c648e16eb66fafa0a281528016e1947c') in 0.193424 seconds 
========================================================================
Received Import Request.
  Time since last request: 0.000076 seconds.
  path: Assets/Models -- Extracted Materials/Stag/Material.003.mat
  artifactKey: Guid(4cbb7b93a1e78624186114d98ecc4739) Importer(815301076,1909f56bfc062723c751e8b465ee728b)
Start importing Assets/Models -- Extracted Materials/Stag/Material.003.mat using Guid(4cbb7b93a1e78624186114d98ecc4739) Importer(815301076,1909f56bfc062723c751e8b465ee728b)  -> (artifact id: '25d4945df08d90f311b8411bdc420354') in 0.079046 seconds 
========================================================================
Received Import Request.
  Time since last request: 0.000053 seconds.
  path: Assets/Models -- Extracted Materials/Stag/Material.001.mat
  artifactKey: Guid(3a3c3d4e44fb8a241a302f6c3d464f95) Importer(815301076,1909f56bfc062723c751e8b465ee728b)
Start importing Assets/Models -- Extracted Materials/Stag/Material.001.mat using Guid(3a3c3d4e44fb8a241a302f6c3d464f95) Importer(815301076,1909f56bfc062723c751e8b465ee728b)  -> (artifact id: '6cfad3ae529a534720cffe12c8780c23') in 0.018103 seconds 
========================================================================
Received Import Request.
  Time since last request: 0.000203 seconds.
  path: Assets/Models -- Extracted Materials/Stag/Material.mat
  artifactKey: Guid(6914dac8ac56202419d859e1837217de) Importer(815301076,1909f56bfc062723c751e8b465ee728b)
Start importing Assets/Models -- Extracted Materials/Stag/Material.mat using Guid(6914dac8ac56202419d859e1837217de) Importer(815301076,1909f56bfc062723c751e8b465ee728b)  -> (artifact id: 'b093c242864a6bc99dcbacb1c2519a5b') in 0.054328 seconds 
========================================================================
Received Import Request.
  Time since last request: 0.000046 seconds.
  path: Assets/Models -- Extracted Materials/Stag/Material.010.mat
  artifactKey: Guid(56a1862c1a15d6544b1d27e365767429) Importer(815301076,1909f56bfc062723c751e8b465ee728b)
Start importing Assets/Models -- Extracted Materials/Stag/Material.010.mat using Guid(56a1862c1a15d6544b1d27e365767429) Importer(815301076,1909f56bfc062723c751e8b465ee728b)  -> (artifact id: '459ecc5b0c2621d6b9b40cc7c712b89c') in 0.238209 seconds 
========================================================================
Received Import Request.
  Time since last request: 15.901427 seconds.
  path: Assets/Animator Controllers
  artifactKey: Guid(ab853a52882a73e42a4a58912ebb8d70) Importer(815301076,1909f56bfc062723c751e8b465ee728b)
Start importing Assets/Animator Controllers using Guid(ab853a52882a73e42a4a58912ebb8d70) Importer(815301076,1909f56bfc062723c751e8b465ee728b)  -> (artifact id: 'b1d8c79c50c16e084674d086ce87f80f') in 0.014123 seconds 
========================================================================
Received Import Request.
  Time since last request: 3.068636 seconds.
  path: Assets/DialogAnimator.controller
  artifactKey: Guid(c1449a6f52ff6934c9ff86e29924ba97) Importer(815301076,1909f56bfc062723c751e8b465ee728b)
Start importing Assets/DialogAnimator.controller using Guid(c1449a6f52ff6934c9ff86e29924ba97) Importer(815301076,1909f56bfc062723c751e8b465ee728b)  -> (artifact id: 'c4aa4adf47c08a1b784751b4e0ea7bf3') in 0.031614 seconds 
========================================================================
Received Prepare
Registering precompiled user dll's ...
Registered in 0.039050 seconds.
Begin MonoManager ReloadAssembly
Native extension for WindowsStandalone target not found
Refreshing native plugins compatible for Editor in 0.73 ms, found 3 plugins.
Preloading 0 native plugins for Editor in 0.00 ms.
Mono: successfully reloaded assembly
- Completed reload, in  3.782 seconds
Domain Reload Profiling:
	ReloadAssembly (3783ms)
		BeginReloadAssembly (784ms)
			ExecutionOrderSort (0ms)
			DisableScriptedObjects (11ms)
			BackupInstance (0ms)
			ReleaseScriptingObjects (0ms)
			CreateAndSetChildDomain (234ms)
		EndReloadAssembly (2742ms)
			LoadAssemblies (418ms)
			RebuildTransferFunctionScriptingTraits (0ms)
			SetupTypeCache (965ms)
			ReleaseScriptCaches (4ms)
			RebuildScriptCaches (160ms)
			SetupLoadedEditorAssemblies (1210ms)
				LogAssemblyErrors (0ms)
				InitializePlatformSupportModulesInManaged (18ms)
				SetLoadedEditorAssemblies (1ms)
				RefreshPlugins (1ms)
				BeforeProcessingInitializeOnLoad (282ms)
				ProcessInitializeOnLoadAttributes (822ms)
				ProcessInitializeOnLoadMethodAttributes (73ms)
				AfterProcessingInitializeOnLoad (14ms)
				EditorAssembliesLoaded (0ms)
			ExecutionOrderSort2 (0ms)
			AwakeInstancesAfterBackupRestoration (21ms)
Platform modules already initialized, skipping
Refreshing native plugins compatible for Editor in 2.38 ms, found 3 plugins.
Preloading 0 native plugins for Editor in 0.00 ms.
Unloading 3207 Unused Serialized files (Serialized files now loaded: 0)
Unloading 18 unused Assets / (152.8 KB). Loaded Objects now: 3860.
Memory consumption went from 203.6 MB to 203.4 MB.
Total: 3.551800 ms (FindLiveObjects: 0.271100 ms CreateObjectMapping: 0.534600 ms MarkObjects: 2.560700 ms  DeleteObjects: 0.183700 ms)

AssetImportParameters requested are different than current active one (requested -> active):
  custom:video-decoder-ogg-theora: a1e56fd34408186e4bbccfd4996cb3dc -> 
  custom:container-muxer-webm: aa71ff27fc2769a1b78a27578f13a17b -> 
  custom:container-demuxer-webm: 4f35f7cbe854078d1ac9338744f61a02 -> 
  custom:video-encoder-webm-vp8: eb34c28f22e8b96e1ab97ce403110664 -> 
  custom:audio-encoder-webm-vorbis: bf7c407c2cedff20999df2af8eb42d56 -> 
  custom:framework-win-MediaFoundation: 216162199b28c13a410421893ffa2e32 -> 
  custom:container-demuxer-ogg: 62fdf1f143b41e24485cea50d1cbac27 -> 
  custom:video-decoder-webm-vp8: 9c59270c3fd7afecdb556c50c9e8de78 -> 
  custom:audio-decoder-ogg-vorbis: bf7c407c2cedff20999df2af8eb42d56 -> 
========================================================================
Received Import Request.
  Time since last request: 41.996024 seconds.
  path: Assets/ShowDialog.anim
  artifactKey: Guid(738404c882965734d8d40e334b1eef9f) Importer(815301076,1909f56bfc062723c751e8b465ee728b)
Start importing Assets/ShowDialog.anim using Guid(738404c882965734d8d40e334b1eef9f) Importer(815301076,1909f56bfc062723c751e8b465ee728b)  -> (artifact id: '06297dd911ef78a9e668be9cfbf9e0d7') in 0.082734 seconds 
========================================================================
Received Import Request.
  Time since last request: 0.000150 seconds.
  path: Assets/CloseDialog.anim
  artifactKey: Guid(a5673f022215e38499fa1d6f5e8a9c1e) Importer(815301076,1909f56bfc062723c751e8b465ee728b)
Start importing Assets/CloseDialog.anim using Guid(a5673f022215e38499fa1d6f5e8a9c1e) Importer(815301076,1909f56bfc062723c751e8b465ee728b)  -> (artifact id: '37e73482cf49b5fea3bbf998fbdf4c26') in 0.039739 seconds 
========================================================================
Received Import Request.
  Time since last request: 3.450044 seconds.
  path: Assets/Animation Folder
  artifactKey: Guid(ab853a52882a73e42a4a58912ebb8d70) Importer(815301076,1909f56bfc062723c751e8b465ee728b)
Start importing Assets/Animation Folder using Guid(ab853a52882a73e42a4a58912ebb8d70) Importer(815301076,1909f56bfc062723c751e8b465ee728b)  -> (artifact id: 'b44b0be0c26d880978347dc8e5396d2c') in 0.046287 seconds 
========================================================================
Received Import Request.
  Time since last request: 14.545475 seconds.
  path: Assets/Models -- Extracted Materials/Apple
  artifactKey: Guid(4da29569d21c99542ab8bdc6841dfb85) Importer(815301076,1909f56bfc062723c751e8b465ee728b)
Start importing Assets/Models -- Extracted Materials/Apple using Guid(4da29569d21c99542ab8bdc6841dfb85) Importer(815301076,1909f56bfc062723c751e8b465ee728b)  -> (artifact id: 'e96e94062197d0038d052e30dca7df2f') in 0.009624 seconds 
========================================================================
Received Import Request.
  Time since last request: 36.444195 seconds.
  path: Assets/Models -- Secondary/Carrot.fbx
  artifactKey: Guid(b9a5d879e56f81b438fccdaceee5b279) Importer(815301076,1909f56bfc062723c751e8b465ee728b)
Start importing Assets/Models -- Secondary/Carrot.fbx using Guid(b9a5d879e56f81b438fccdaceee5b279) Importer(815301076,1909f56bfc062723c751e8b465ee728b)  -> (artifact id: '1f6440a2b7a557e7d54c4e1d33acf46b') in 1.702812 seconds 
========================================================================
Received Import Request.
  Time since last request: 19.357561 seconds.
  path: Assets/Models -- Secondary/Turnip.fbx
  artifactKey: Guid(b9b506d41cfc18245b4b76a9300a3291) Importer(815301076,1909f56bfc062723c751e8b465ee728b)
Start importing Assets/Models -- Secondary/Turnip.fbx using Guid(b9b506d41cfc18245b4b76a9300a3291) Importer(815301076,1909f56bfc062723c751e8b465ee728b)  -> (artifact id: 'cf836997a933408acac5870a8ea6e94d') in 0.136839 seconds 
========================================================================
Received Import Request.
  Time since last request: 59.867120 seconds.
  path: Assets/Models -- Extracted Materials/Carrot
  artifactKey: Guid(6cd7c794597113844b34f01de96b35d4) Importer(815301076,1909f56bfc062723c751e8b465ee728b)
Start importing Assets/Models -- Extracted Materials/Carrot using Guid(6cd7c794597113844b34f01de96b35d4) Importer(815301076,1909f56bfc062723c751e8b465ee728b)  -> (artifact id: '70e8ea1ecfcc58aa899b576f496eff63') in 0.040382 seconds 
========================================================================
Received Import Request.
  Time since last request: 0.000050 seconds.
  path: Assets/Models -- Extracted Materials/Carrot/Orange.mat
  artifactKey: Guid(66d8656e28f9aad418fc10ba1637c77e) Importer(815301076,1909f56bfc062723c751e8b465ee728b)
Start importing Assets/Models -- Extracted Materials/Carrot/Orange.mat using Guid(66d8656e28f9aad418fc10ba1637c77e) Importer(815301076,1909f56bfc062723c751e8b465ee728b)  -> (artifact id: '0d6178c5a816fcdd3e5fb10fb37e55bd') in 0.329306 seconds 
========================================================================
Received Import Request.
  Time since last request: 0.000105 seconds.
  path: Assets/Models -- Extracted Materials/Carrot/DarkGreen.mat
  artifactKey: Guid(fbc274af864becb49b675f2c954a5adf) Importer(815301076,1909f56bfc062723c751e8b465ee728b)
Start importing Assets/Models -- Extracted Materials/Carrot/DarkGreen.mat using Guid(fbc274af864becb49b675f2c954a5adf) Importer(815301076,1909f56bfc062723c751e8b465ee728b)  -> (artifact id: '0487692274d68450d912ebfb8e0e400e') in 0.044033 seconds 
========================================================================
Received Import Request.
  Time since last request: 17.533796 seconds.
  path: Assets/Models -- Extracted Materials/Turnip
  artifactKey: Guid(a5f6e22af6bad094eb7ca6a42f64db61) Importer(815301076,1909f56bfc062723c751e8b465ee728b)
Start importing Assets/Models -- Extracted Materials/Turnip using Guid(a5f6e22af6bad094eb7ca6a42f64db61) Importer(815301076,1909f56bfc062723c751e8b465ee728b)  -> (artifact id: '29656b39374efb8d01fd514fe61f9280') in 0.039665 seconds 
========================================================================
Received Import Request.
  Time since last request: 0.000166 seconds.
  path: Assets/Models -- Extracted Materials/Turnip/PalePink2.mat
  artifactKey: Guid(14809d75e90c9dd4481af18921bdeb5a) Importer(815301076,1909f56bfc062723c751e8b465ee728b)
Start importing Assets/Models -- Extracted Materials/Turnip/PalePink2.mat using Guid(14809d75e90c9dd4481af18921bdeb5a) Importer(815301076,1909f56bfc062723c751e8b465ee728b)  -> (artifact id: 'e1ff9ae50aa77ba323950966b9e5f732') in 0.043878 seconds 
========================================================================
Received Import Request.
  Time since last request: 0.000180 seconds.
  path: Assets/Models -- Extracted Materials/Turnip/White.mat
  artifactKey: Guid(ec9c0f5f97aa4644dab781af25eff4d1) Importer(815301076,1909f56bfc062723c751e8b465ee728b)
Start importing Assets/Models -- Extracted Materials/Turnip/White.mat using Guid(ec9c0f5f97aa4644dab781af25eff4d1) Importer(815301076,1909f56bfc062723c751e8b465ee728b)  -> (artifact id: '1e1c4b066d833a3029cd3f1bcbc7180d') in 0.019069 seconds 
========================================================================
Received Import Request.
  Time since last request: 0.000046 seconds.
  path: Assets/Models -- Extracted Materials/Turnip/DarkGreen.mat
  artifactKey: Guid(1dbf66ac557b1ab44b62424c44a6f119) Importer(815301076,1909f56bfc062723c751e8b465ee728b)
Start importing Assets/Models -- Extracted Materials/Turnip/DarkGreen.mat using Guid(1dbf66ac557b1ab44b62424c44a6f119) Importer(815301076,1909f56bfc062723c751e8b465ee728b)  -> (artifact id: 'db9fd209ec98f850d399d6f7677fcc14') in 0.029729 seconds 
========================================================================
Received Import Request.
  Time since last request: 30.586216 seconds.
  path: Assets/Models -- Extracted Materials/Turnip/DarkGreen.mat
  artifactKey: Guid(1dbf66ac557b1ab44b62424c44a6f119) Importer(815301076,1909f56bfc062723c751e8b465ee728b)
Start importing Assets/Models -- Extracted Materials/Turnip/DarkGreen.mat using Guid(1dbf66ac557b1ab44b62424c44a6f119) Importer(815301076,1909f56bfc062723c751e8b465ee728b)  -> (artifact id: '28b23069f03de0b7dd078e36cf35667a') in 0.453558 seconds 
========================================================================
Received Import Request.
  Time since last request: 0.000048 seconds.
  path: Assets/Models -- Extracted Materials/Turnip/PalePink2.mat
  artifactKey: Guid(14809d75e90c9dd4481af18921bdeb5a) Importer(815301076,1909f56bfc062723c751e8b465ee728b)
Start importing Assets/Models -- Extracted Materials/Turnip/PalePink2.mat using Guid(14809d75e90c9dd4481af18921bdeb5a) Importer(815301076,1909f56bfc062723c751e8b465ee728b)  -> (artifact id: '542c701f4f56788b06b0cdd7c5529dec') in 0.070959 seconds 
========================================================================
Received Import Request.
  Time since last request: 0.000064 seconds.
  path: Assets/Models -- Extracted Materials/Turnip/White.mat
  artifactKey: Guid(ec9c0f5f97aa4644dab781af25eff4d1) Importer(815301076,1909f56bfc062723c751e8b465ee728b)
Start importing Assets/Models -- Extracted Materials/Turnip/White.mat using Guid(ec9c0f5f97aa4644dab781af25eff4d1) Importer(815301076,1909f56bfc062723c751e8b465ee728b)  -> (artifact id: '4f8e651aa9eab8888980a5e1c5fe4f55') in 0.050799 seconds 
========================================================================
Received Import Request.
  Time since last request: 38.773972 seconds.
  path: Assets/Models -- Extracted Materials/Apple/Green.mat
  artifactKey: Guid(9a1ea097d9348c84eb1fff9470b5bdf8) Importer(815301076,1909f56bfc062723c751e8b465ee728b)
Start importing Assets/Models -- Extracted Materials/Apple/Green.mat using Guid(9a1ea097d9348c84eb1fff9470b5bdf8) Importer(815301076,1909f56bfc062723c751e8b465ee728b)  -> (artifact id: 'eeffef3d9029b3cf97d10b0729182f0d') in 0.066019 seconds 
========================================================================
Received Import Request.
  Time since last request: 5.250669 seconds.
  path: Assets/Models -- Extracted Materials/Apple/DarkGreen.mat
  artifactKey: Guid(6e7fc76fa36e01145b319279291ab229) Importer(815301076,1909f56bfc062723c751e8b465ee728b)
Start importing Assets/Models -- Extracted Materials/Apple/DarkGreen.mat using Guid(6e7fc76fa36e01145b319279291ab229) Importer(815301076,1909f56bfc062723c751e8b465ee728b)  -> (artifact id: 'd6ad16f4c0068fe7811d08a0e6e5002b') in 0.087136 seconds 
========================================================================
Received Import Request.
  Time since last request: 0.989916 seconds.
  path: Assets/Models -- Extracted Materials/Apple/DarkRed.mat
  artifactKey: Guid(3516b9e6a22b7914e9f31918849cdb8f) Importer(815301076,1909f56bfc062723c751e8b465ee728b)
Start importing Assets/Models -- Extracted Materials/Apple/DarkRed.mat using Guid(3516b9e6a22b7914e9f31918849cdb8f) Importer(815301076,1909f56bfc062723c751e8b465ee728b)  -> (artifact id: '010aeaa331a80a4dbf8f4af65ce57e7e') in 0.297426 seconds 
========================================================================
Received Import Request.
  Time since last request: 2069.904190 seconds.
  path: Assets/Scripts/GameManager.cs
  artifactKey: Guid(885cecd0e87f251458763b92a852460e) Importer(815301076,1909f56bfc062723c751e8b465ee728b)
Start importing Assets/Scripts/GameManager.cs using Guid(885cecd0e87f251458763b92a852460e) Importer(815301076,1909f56bfc062723c751e8b465ee728b)  -> (artifact id: '1b731f028ef3ccf45f4af829b293e9ae') in 0.085235 seconds 
========================================================================
Received Prepare
Registering precompiled user dll's ...
Registered in 0.020652 seconds.
Begin MonoManager ReloadAssembly
Native extension for WindowsStandalone target not found
Refreshing native plugins compatible for Editor in 1.26 ms, found 3 plugins.
Preloading 0 native plugins for Editor in 0.00 ms.
Mono: successfully reloaded assembly
- Completed reload, in  3.948 seconds
Domain Reload Profiling:
	ReloadAssembly (3955ms)
		BeginReloadAssembly (1385ms)
			ExecutionOrderSort (0ms)
			DisableScriptedObjects (85ms)
			BackupInstance (0ms)
			ReleaseScriptingObjects (0ms)
			CreateAndSetChildDomain (541ms)
		EndReloadAssembly (2380ms)
			LoadAssemblies (470ms)
			RebuildTransferFunctionScriptingTraits (1ms)
			SetupTypeCache (428ms)
			ReleaseScriptCaches (4ms)
			RebuildScriptCaches (588ms)
			SetupLoadedEditorAssemblies (998ms)
				LogAssemblyErrors (0ms)
				InitializePlatformSupportModulesInManaged (47ms)
				SetLoadedEditorAssemblies (3ms)
				RefreshPlugins (1ms)
				BeforeProcessingInitializeOnLoad (97ms)
				ProcessInitializeOnLoadAttributes (770ms)
				ProcessInitializeOnLoadMethodAttributes (66ms)
				AfterProcessingInitializeOnLoad (14ms)
				EditorAssembliesLoaded (0ms)
			ExecutionOrderSort2 (0ms)
			AwakeInstancesAfterBackupRestoration (10ms)
Platform modules already initialized, skipping
Refreshing native plugins compatible for Editor in 9.35 ms, found 3 plugins.
Preloading 0 native plugins for Editor in 0.00 ms.
Unloading 3207 Unused Serialized files (Serialized files now loaded: 0)
Unloading 18 unused Assets / (152.8 KB). Loaded Objects now: 3875.
Memory consumption went from 203.6 MB to 203.5 MB.
Total: 41.012800 ms (FindLiveObjects: 0.402400 ms CreateObjectMapping: 0.151000 ms MarkObjects: 40.266000 ms  DeleteObjects: 0.191200 ms)

AssetImportParameters requested are different than current active one (requested -> active):
  custom:video-decoder-ogg-theora: a1e56fd34408186e4bbccfd4996cb3dc -> 
  custom:container-muxer-webm: aa71ff27fc2769a1b78a27578f13a17b -> 
  custom:container-demuxer-webm: 4f35f7cbe854078d1ac9338744f61a02 -> 
  custom:video-encoder-webm-vp8: eb34c28f22e8b96e1ab97ce403110664 -> 
  custom:audio-encoder-webm-vorbis: bf7c407c2cedff20999df2af8eb42d56 -> 
  custom:framework-win-MediaFoundation: 216162199b28c13a410421893ffa2e32 -> 
  custom:container-demuxer-ogg: 62fdf1f143b41e24485cea50d1cbac27 -> 
  custom:video-decoder-webm-vp8: 9c59270c3fd7afecdb556c50c9e8de78 -> 
  custom:audio-decoder-ogg-vorbis: bf7c407c2cedff20999df2af8eb42d56 -> 
========================================================================
Received Import Request.
  Time since last request: 46.409555 seconds.
  path: Assets/Scripts/GameHandler.cs
  artifactKey: Guid(56ecde16b9148f2478b369855246c96a) Importer(815301076,1909f56bfc062723c751e8b465ee728b)
Start importing Assets/Scripts/GameHandler.cs using Guid(56ecde16b9148f2478b369855246c96a) Importer(815301076,1909f56bfc062723c751e8b465ee728b)  -> (artifact id: '83e721ddb66722c0d4509080e43a40d0') in 0.952998 seconds 
========================================================================
Received Prepare
Registering precompiled user dll's ...
Registered in 0.016366 seconds.
Begin MonoManager ReloadAssembly
Native extension for WindowsStandalone target not found
Refreshing native plugins compatible for Editor in 0.75 ms, found 3 plugins.
Preloading 0 native plugins for Editor in 0.00 ms.
Mono: successfully reloaded assembly
- Completed reload, in  1.579 seconds
Domain Reload Profiling:
	ReloadAssembly (1580ms)
		BeginReloadAssembly (221ms)
			ExecutionOrderSort (0ms)
			DisableScriptedObjects (7ms)
			BackupInstance (0ms)
			ReleaseScriptingObjects (0ms)
			CreateAndSetChildDomain (46ms)
		EndReloadAssembly (1219ms)
			LoadAssemblies (176ms)
			RebuildTransferFunctionScriptingTraits (0ms)
			SetupTypeCache (349ms)
			ReleaseScriptCaches (1ms)
			RebuildScriptCaches (55ms)
			SetupLoadedEditorAssemblies (582ms)
				LogAssemblyErrors (0ms)
				InitializePlatformSupportModulesInManaged (11ms)
				SetLoadedEditorAssemblies (1ms)
				RefreshPlugins (1ms)
				BeforeProcessingInitializeOnLoad (132ms)
				ProcessInitializeOnLoadAttributes (399ms)
				ProcessInitializeOnLoadMethodAttributes (27ms)
				AfterProcessingInitializeOnLoad (11ms)
				EditorAssembliesLoaded (0ms)
			ExecutionOrderSort2 (0ms)
			AwakeInstancesAfterBackupRestoration (9ms)
Platform modules already initialized, skipping
Refreshing native plugins compatible for Editor in 7.20 ms, found 3 plugins.
Preloading 0 native plugins for Editor in 0.00 ms.
Unloading 3208 Unused Serialized files (Serialized files now loaded: 0)
Unloading 18 unused Assets / (152.7 KB). Loaded Objects now: 3891.
Memory consumption went from 203.7 MB to 203.5 MB.
Total: 6.336200 ms (FindLiveObjects: 0.328800 ms CreateObjectMapping: 0.202100 ms MarkObjects: 5.613900 ms  DeleteObjects: 0.189800 ms)

AssetImportParameters requested are different than current active one (requested -> active):
  custom:video-decoder-ogg-theora: a1e56fd34408186e4bbccfd4996cb3dc -> 
  custom:container-muxer-webm: aa71ff27fc2769a1b78a27578f13a17b -> 
  custom:container-demuxer-webm: 4f35f7cbe854078d1ac9338744f61a02 -> 
  custom:video-encoder-webm-vp8: eb34c28f22e8b96e1ab97ce403110664 -> 
  custom:audio-encoder-webm-vorbis: bf7c407c2cedff20999df2af8eb42d56 -> 
  custom:framework-win-MediaFoundation: 216162199b28c13a410421893ffa2e32 -> 
  custom:container-demuxer-ogg: 62fdf1f143b41e24485cea50d1cbac27 -> 
  custom:video-decoder-webm-vp8: 9c59270c3fd7afecdb556c50c9e8de78 -> 
  custom:audio-decoder-ogg-vorbis: bf7c407c2cedff20999df2af8eb42d56 -> 
========================================================================
Received Import Request.
  Time since last request: 17.615036 seconds.
  path: Assets/Scripts/WorldHandler.cs
  artifactKey: Guid(56ecde16b9148f2478b369855246c96a) Importer(815301076,1909f56bfc062723c751e8b465ee728b)
Start importing Assets/Scripts/WorldHandler.cs using Guid(56ecde16b9148f2478b369855246c96a) Importer(815301076,1909f56bfc062723c751e8b465ee728b)  -> (artifact id: '7391debf1218892f4cb424536218495f') in 0.198968 seconds 
========================================================================
Received Prepare
Registering precompiled user dll's ...
Registered in 0.030300 seconds.
Begin MonoManager ReloadAssembly
Native extension for WindowsStandalone target not found
Refreshing native plugins compatible for Editor in 0.60 ms, found 3 plugins.
Preloading 0 native plugins for Editor in 0.00 ms.
Mono: successfully reloaded assembly
- Completed reload, in  1.574 seconds
Domain Reload Profiling:
	ReloadAssembly (1575ms)
		BeginReloadAssembly (254ms)
			ExecutionOrderSort (0ms)
			DisableScriptedObjects (8ms)
			BackupInstance (0ms)
			ReleaseScriptingObjects (0ms)
			CreateAndSetChildDomain (46ms)
		EndReloadAssembly (1187ms)
			LoadAssemblies (151ms)
			RebuildTransferFunctionScriptingTraits (0ms)
			SetupTypeCache (498ms)
			ReleaseScriptCaches (1ms)
			RebuildScriptCaches (53ms)
			SetupLoadedEditorAssemblies (462ms)
				LogAssemblyErrors (0ms)
				InitializePlatformSupportModulesInManaged (7ms)
				SetLoadedEditorAssemblies (1ms)
				RefreshPlugins (1ms)
				BeforeProcessingInitializeOnLoad (85ms)
				ProcessInitializeOnLoadAttributes (328ms)
				ProcessInitializeOnLoadMethodAttributes (30ms)
				AfterProcessingInitializeOnLoad (10ms)
				EditorAssembliesLoaded (0ms)
			ExecutionOrderSort2 (0ms)
			AwakeInstancesAfterBackupRestoration (10ms)
Platform modules already initialized, skipping
Refreshing native plugins compatible for Editor in 2.75 ms, found 3 plugins.
Preloading 0 native plugins for Editor in 0.00 ms.
Unloading 3208 Unused Serialized files (Serialized files now loaded: 0)
Unloading 18 unused Assets / (152.8 KB). Loaded Objects now: 3906.
Memory consumption went from 203.7 MB to 203.5 MB.
Total: 4.477600 ms (FindLiveObjects: 0.414000 ms CreateObjectMapping: 0.281700 ms MarkObjects: 3.559200 ms  DeleteObjects: 0.221100 ms)

AssetImportParameters requested are different than current active one (requested -> active):
  custom:video-decoder-ogg-theora: a1e56fd34408186e4bbccfd4996cb3dc -> 
  custom:container-muxer-webm: aa71ff27fc2769a1b78a27578f13a17b -> 
  custom:container-demuxer-webm: 4f35f7cbe854078d1ac9338744f61a02 -> 
  custom:video-encoder-webm-vp8: eb34c28f22e8b96e1ab97ce403110664 -> 
  custom:audio-encoder-webm-vorbis: bf7c407c2cedff20999df2af8eb42d56 -> 
  custom:framework-win-MediaFoundation: 216162199b28c13a410421893ffa2e32 -> 
  custom:container-demuxer-ogg: 62fdf1f143b41e24485cea50d1cbac27 -> 
  custom:video-decoder-webm-vp8: 9c59270c3fd7afecdb556c50c9e8de78 -> 
  custom:audio-decoder-ogg-vorbis: bf7c407c2cedff20999df2af8eb42d56 -> 
========================================================================
Received Import Request.
  Time since last request: 17.559385 seconds.
  path: Assets/Scripts/WorldHandler.cs
  artifactKey: Guid(56ecde16b9148f2478b369855246c96a) Importer(815301076,1909f56bfc062723c751e8b465ee728b)
Start importing Assets/Scripts/WorldHandler.cs using Guid(56ecde16b9148f2478b369855246c96a) Importer(815301076,1909f56bfc062723c751e8b465ee728b)  -> (artifact id: 'd0b07a2a9f45ac39a3b9e1e7f4d5b2f1') in 0.017307 seconds 
========================================================================
Received Import Request.
  Time since last request: 5.021022 seconds.
  path: Assets/Scripts/WorldHandler.cs
  artifactKey: Guid(56ecde16b9148f2478b369855246c96a) Importer(815301076,1909f56bfc062723c751e8b465ee728b)
Start importing Assets/Scripts/WorldHandler.cs using Guid(56ecde16b9148f2478b369855246c96a) Importer(815301076,1909f56bfc062723c751e8b465ee728b)  -> (artifact id: '17c06df0249f9864df196f28594be8ea') in 0.009019 seconds 
========================================================================
Received Prepare
Registering precompiled user dll's ...
Registered in 0.011447 seconds.
Begin MonoManager ReloadAssembly
Native extension for WindowsStandalone target not found
Refreshing native plugins compatible for Editor in 0.58 ms, found 3 plugins.
Preloading 0 native plugins for Editor in 0.00 ms.
Mono: successfully reloaded assembly
- Completed reload, in  2.096 seconds
Domain Reload Profiling:
	ReloadAssembly (2098ms)
		BeginReloadAssembly (339ms)
			ExecutionOrderSort (0ms)
			DisableScriptedObjects (6ms)
			BackupInstance (0ms)
			ReleaseScriptingObjects (0ms)
			CreateAndSetChildDomain (74ms)
		EndReloadAssembly (1627ms)
			LoadAssemblies (245ms)
			RebuildTransferFunctionScriptingTraits (0ms)
			SetupTypeCache (852ms)
			ReleaseScriptCaches (2ms)
			RebuildScriptCaches (60ms)
			SetupLoadedEditorAssemblies (483ms)
				LogAssemblyErrors (0ms)
				InitializePlatformSupportModulesInManaged (7ms)
				SetLoadedEditorAssemblies (1ms)
				RefreshPlugins (1ms)
				BeforeProcessingInitializeOnLoad (85ms)
				ProcessInitializeOnLoadAttributes (353ms)
				ProcessInitializeOnLoadMethodAttributes (27ms)
				AfterProcessingInitializeOnLoad (9ms)
				EditorAssembliesLoaded (0ms)
			ExecutionOrderSort2 (0ms)
			AwakeInstancesAfterBackupRestoration (7ms)
Platform modules already initialized, skipping
Refreshing native plugins compatible for Editor in 7.39 ms, found 3 plugins.
Preloading 0 native plugins for Editor in 0.00 ms.
Unloading 3208 Unused Serialized files (Serialized files now loaded: 0)
Unloading 18 unused Assets / (152.8 KB). Loaded Objects now: 3921.
Memory consumption went from 203.7 MB to 203.5 MB.
Total: 5.107900 ms (FindLiveObjects: 0.862100 ms CreateObjectMapping: 0.169700 ms MarkObjects: 3.755000 ms  DeleteObjects: 0.318500 ms)

AssetImportParameters requested are different than current active one (requested -> active):
  custom:video-decoder-ogg-theora: a1e56fd34408186e4bbccfd4996cb3dc -> 
  custom:container-muxer-webm: aa71ff27fc2769a1b78a27578f13a17b -> 
  custom:container-demuxer-webm: 4f35f7cbe854078d1ac9338744f61a02 -> 
  custom:video-encoder-webm-vp8: eb34c28f22e8b96e1ab97ce403110664 -> 
  custom:audio-encoder-webm-vorbis: bf7c407c2cedff20999df2af8eb42d56 -> 
  custom:framework-win-MediaFoundation: 216162199b28c13a410421893ffa2e32 -> 
  custom:container-demuxer-ogg: 62fdf1f143b41e24485cea50d1cbac27 -> 
  custom:video-decoder-webm-vp8: 9c59270c3fd7afecdb556c50c9e8de78 -> 
  custom:audio-decoder-ogg-vorbis: bf7c407c2cedff20999df2af8eb42d56 -> 
========================================================================
Received Prepare
Registering precompiled user dll's ...
Registered in 0.012623 seconds.
Begin MonoManager ReloadAssembly
Native extension for WindowsStandalone target not found
Refreshing native plugins compatible for Editor in 0.71 ms, found 3 plugins.
Preloading 0 native plugins for Editor in 0.00 ms.
Mono: successfully reloaded assembly
- Completed reload, in  1.515 seconds
Domain Reload Profiling:
	ReloadAssembly (1516ms)
		BeginReloadAssembly (237ms)
			ExecutionOrderSort (0ms)
			DisableScriptedObjects (7ms)
			BackupInstance (0ms)
			ReleaseScriptingObjects (0ms)
			CreateAndSetChildDomain (44ms)
		EndReloadAssembly (1119ms)
			LoadAssemblies (202ms)
			RebuildTransferFunctionScriptingTraits (0ms)
			SetupTypeCache (369ms)
			ReleaseScriptCaches (3ms)
			RebuildScriptCaches (67ms)
			SetupLoadedEditorAssemblies (493ms)
				LogAssemblyErrors (0ms)
				InitializePlatformSupportModulesInManaged (8ms)
				SetLoadedEditorAssemblies (1ms)
				RefreshPlugins (1ms)
				BeforeProcessingInitializeOnLoad (84ms)
				ProcessInitializeOnLoadAttributes (359ms)
				ProcessInitializeOnLoadMethodAttributes (28ms)
				AfterProcessingInitializeOnLoad (11ms)
				EditorAssembliesLoaded (0ms)
			ExecutionOrderSort2 (0ms)
			AwakeInstancesAfterBackupRestoration (10ms)
Platform modules already initialized, skipping
Refreshing native plugins compatible for Editor in 2.96 ms, found 3 plugins.
Preloading 0 native plugins for Editor in 0.00 ms.
Unloading 3208 Unused Serialized files (Serialized files now loaded: 0)
Unloading 18 unused Assets / (152.8 KB). Loaded Objects now: 3936.
Memory consumption went from 203.7 MB to 203.6 MB.
Total: 4.090600 ms (FindLiveObjects: 0.292200 ms CreateObjectMapping: 0.445100 ms MarkObjects: 3.145300 ms  DeleteObjects: 0.206300 ms)

AssetImportParameters requested are different than current active one (requested -> active):
  custom:video-decoder-ogg-theora: a1e56fd34408186e4bbccfd4996cb3dc -> 
  custom:container-muxer-webm: aa71ff27fc2769a1b78a27578f13a17b -> 
  custom:container-demuxer-webm: 4f35f7cbe854078d1ac9338744f61a02 -> 
  custom:video-encoder-webm-vp8: eb34c28f22e8b96e1ab97ce403110664 -> 
  custom:audio-encoder-webm-vorbis: bf7c407c2cedff20999df2af8eb42d56 -> 
  custom:framework-win-MediaFoundation: 216162199b28c13a410421893ffa2e32 -> 
  custom:container-demuxer-ogg: 62fdf1f143b41e24485cea50d1cbac27 -> 
  custom:video-decoder-webm-vp8: 9c59270c3fd7afecdb556c50c9e8de78 -> 
  custom:audio-decoder-ogg-vorbis: bf7c407c2cedff20999df2af8eb42d56 -> 
========================================================================
Received Prepare
Registering precompiled user dll's ...
Registered in 0.010050 seconds.
Begin MonoManager ReloadAssembly
Native extension for WindowsStandalone target not found
Refreshing native plugins compatible for Editor in 0.61 ms, found 3 plugins.
Preloading 0 native plugins for Editor in 0.00 ms.
Mono: successfully reloaded assembly
- Completed reload, in  1.317 seconds
Domain Reload Profiling:
	ReloadAssembly (1319ms)
		BeginReloadAssembly (198ms)
			ExecutionOrderSort (0ms)
			DisableScriptedObjects (8ms)
			BackupInstance (0ms)
			ReleaseScriptingObjects (0ms)
			CreateAndSetChildDomain (45ms)
		EndReloadAssembly (991ms)
			LoadAssemblies (135ms)
			RebuildTransferFunctionScriptingTraits (0ms)
			SetupTypeCache (324ms)
			ReleaseScriptCaches (1ms)
			RebuildScriptCaches (59ms)
			SetupLoadedEditorAssemblies (444ms)
				LogAssemblyErrors (0ms)
				InitializePlatformSupportModulesInManaged (8ms)
				SetLoadedEditorAssemblies (1ms)
				RefreshPlugins (1ms)
				BeforeProcessingInitializeOnLoad (84ms)
				ProcessInitializeOnLoadAttributes (314ms)
				ProcessInitializeOnLoadMethodAttributes (26ms)
				AfterProcessingInitializeOnLoad (10ms)
				EditorAssembliesLoaded (1ms)
			ExecutionOrderSort2 (0ms)
			AwakeInstancesAfterBackupRestoration (9ms)
Platform modules already initialized, skipping
Refreshing native plugins compatible for Editor in 2.40 ms, found 3 plugins.
Preloading 0 native plugins for Editor in 0.00 ms.
Unloading 3208 Unused Serialized files (Serialized files now loaded: 0)
Unloading 18 unused Assets / (152.8 KB). Loaded Objects now: 3951.
Memory consumption went from 203.7 MB to 203.6 MB.
Total: 4.307900 ms (FindLiveObjects: 0.365000 ms CreateObjectMapping: 0.254200 ms MarkObjects: 3.504500 ms  DeleteObjects: 0.182200 ms)

AssetImportParameters requested are different than current active one (requested -> active):
  custom:video-decoder-ogg-theora: a1e56fd34408186e4bbccfd4996cb3dc -> 
  custom:container-muxer-webm: aa71ff27fc2769a1b78a27578f13a17b -> 
  custom:container-demuxer-webm: 4f35f7cbe854078d1ac9338744f61a02 -> 
  custom:video-encoder-webm-vp8: eb34c28f22e8b96e1ab97ce403110664 -> 
  custom:audio-encoder-webm-vorbis: bf7c407c2cedff20999df2af8eb42d56 -> 
  custom:framework-win-MediaFoundation: 216162199b28c13a410421893ffa2e32 -> 
  custom:container-demuxer-ogg: 62fdf1f143b41e24485cea50d1cbac27 -> 
  custom:video-decoder-webm-vp8: 9c59270c3fd7afecdb556c50c9e8de78 -> 
  custom:audio-decoder-ogg-vorbis: bf7c407c2cedff20999df2af8eb42d56 -> 
========================================================================
Received Prepare
Registering precompiled user dll's ...
Registered in 0.016760 seconds.
Begin MonoManager ReloadAssembly
Native extension for WindowsStandalone target not found
Refreshing native plugins compatible for Editor in 0.78 ms, found 3 plugins.
Preloading 0 native plugins for Editor in 0.00 ms.
Mono: successfully reloaded assembly
- Completed reload, in  2.544 seconds
Domain Reload Profiling:
	ReloadAssembly (2550ms)
		BeginReloadAssembly (981ms)
			ExecutionOrderSort (0ms)
			DisableScriptedObjects (66ms)
			BackupInstance (0ms)
			ReleaseScriptingObjects (0ms)
			CreateAndSetChildDomain (402ms)
		EndReloadAssembly (1397ms)
			LoadAssemblies (334ms)
			RebuildTransferFunctionScriptingTraits (0ms)
			SetupTypeCache (449ms)
			ReleaseScriptCaches (12ms)
			RebuildScriptCaches (65ms)
			SetupLoadedEditorAssemblies (606ms)
				LogAssemblyErrors (0ms)
				InitializePlatformSupportModulesInManaged (10ms)
				SetLoadedEditorAssemblies (2ms)
				RefreshPlugins (1ms)
				BeforeProcessingInitializeOnLoad (129ms)
				ProcessInitializeOnLoadAttributes (404ms)
				ProcessInitializeOnLoadMethodAttributes (39ms)
				AfterProcessingInitializeOnLoad (20ms)
				EditorAssembliesLoaded (0ms)
			ExecutionOrderSort2 (0ms)
			AwakeInstancesAfterBackupRestoration (17ms)
Platform modules already initialized, skipping
Refreshing native plugins compatible for Editor in 5.14 ms, found 3 plugins.
Preloading 0 native plugins for Editor in 0.00 ms.
Unloading 3208 Unused Serialized files (Serialized files now loaded: 0)
Unloading 18 unused Assets / (152.7 KB). Loaded Objects now: 3966.
Memory consumption went from 203.7 MB to 203.6 MB.
Total: 7.221200 ms (FindLiveObjects: 0.402300 ms CreateObjectMapping: 0.281400 ms MarkObjects: 5.766300 ms  DeleteObjects: 0.769200 ms)

AssetImportParameters requested are different than current active one (requested -> active):
  custom:video-decoder-ogg-theora: a1e56fd34408186e4bbccfd4996cb3dc -> 
  custom:container-muxer-webm: aa71ff27fc2769a1b78a27578f13a17b -> 
  custom:container-demuxer-webm: 4f35f7cbe854078d1ac9338744f61a02 -> 
  custom:video-encoder-webm-vp8: eb34c28f22e8b96e1ab97ce403110664 -> 
  custom:audio-encoder-webm-vorbis: bf7c407c2cedff20999df2af8eb42d56 -> 
  custom:framework-win-MediaFoundation: 216162199b28c13a410421893ffa2e32 -> 
  custom:container-demuxer-ogg: 62fdf1f143b41e24485cea50d1cbac27 -> 
  custom:video-decoder-webm-vp8: 9c59270c3fd7afecdb556c50c9e8de78 -> 
  custom:audio-decoder-ogg-vorbis: bf7c407c2cedff20999df2af8eb42d56 -> 
========================================================================
Received Prepare
Registering precompiled user dll's ...
Registered in 0.013254 seconds.
Begin MonoManager ReloadAssembly
Native extension for WindowsStandalone target not found
Refreshing native plugins compatible for Editor in 0.84 ms, found 3 plugins.
Preloading 0 native plugins for Editor in 0.00 ms.
Mono: successfully reloaded assembly
- Completed reload, in  2.832 seconds
Domain Reload Profiling:
	ReloadAssembly (2840ms)
		BeginReloadAssembly (858ms)
			ExecutionOrderSort (0ms)
			DisableScriptedObjects (45ms)
			BackupInstance (0ms)
			ReleaseScriptingObjects (0ms)
			CreateAndSetChildDomain (311ms)
		EndReloadAssembly (1750ms)
			LoadAssemblies (421ms)
			RebuildTransferFunctionScriptingTraits (0ms)
			SetupTypeCache (802ms)
			ReleaseScriptCaches (4ms)
			RebuildScriptCaches (58ms)
			SetupLoadedEditorAssemblies (558ms)
				LogAssemblyErrors (0ms)
				InitializePlatformSupportModulesInManaged (8ms)
				SetLoadedEditorAssemblies (1ms)
				RefreshPlugins (1ms)
				BeforeProcessingInitializeOnLoad (103ms)
				ProcessInitializeOnLoadAttributes (404ms)
				ProcessInitializeOnLoadMethodAttributes (28ms)
				AfterProcessingInitializeOnLoad (13ms)
				EditorAssembliesLoaded (0ms)
			ExecutionOrderSort2 (0ms)
			AwakeInstancesAfterBackupRestoration (11ms)
Platform modules already initialized, skipping
Refreshing native plugins compatible for Editor in 3.04 ms, found 3 plugins.
Preloading 0 native plugins for Editor in 0.00 ms.
Unloading 3208 Unused Serialized files (Serialized files now loaded: 0)
Unloading 18 unused Assets / (152.9 KB). Loaded Objects now: 3981.
Memory consumption went from 203.8 MB to 203.6 MB.
Total: 8.305100 ms (FindLiveObjects: 0.284600 ms CreateObjectMapping: 0.186200 ms MarkObjects: 6.819100 ms  DeleteObjects: 1.012800 ms)

AssetImportParameters requested are different than current active one (requested -> active):
  custom:video-decoder-ogg-theora: a1e56fd34408186e4bbccfd4996cb3dc -> 
  custom:container-muxer-webm: aa71ff27fc2769a1b78a27578f13a17b -> 
  custom:container-demuxer-webm: 4f35f7cbe854078d1ac9338744f61a02 -> 
  custom:video-encoder-webm-vp8: eb34c28f22e8b96e1ab97ce403110664 -> 
  custom:audio-encoder-webm-vorbis: bf7c407c2cedff20999df2af8eb42d56 -> 
  custom:framework-win-MediaFoundation: 216162199b28c13a410421893ffa2e32 -> 
  custom:container-demuxer-ogg: 62fdf1f143b41e24485cea50d1cbac27 -> 
  custom:video-decoder-webm-vp8: 9c59270c3fd7afecdb556c50c9e8de78 -> 
  custom:audio-decoder-ogg-vorbis: bf7c407c2cedff20999df2af8eb42d56 -> 
========================================================================
Received Import Request.
  Time since last request: 7418.692111 seconds.
  path: Assets/TextMesh Pro
  artifactKey: Guid(f54d1bd14bd3ca042bd867b519fee8cc) Importer(815301076,1909f56bfc062723c751e8b465ee728b)
Start importing Assets/TextMesh Pro using Guid(f54d1bd14bd3ca042bd867b519fee8cc) Importer(815301076,1909f56bfc062723c751e8b465ee728b)  -> (artifact id: '6d457b26d2bc8024e58729449d46e968') in 0.989080 seconds 
========================================================================
Received Import Request.
  Time since last request: 1.139056 seconds.
  path: Assets/Models -- Secondary/Apple.fbx
  artifactKey: Guid(bbf5d818a9ba26d4c838a3411e6306d1) Importer(815301076,1909f56bfc062723c751e8b465ee728b)
Start importing Assets/Models -- Secondary/Apple.fbx using Guid(bbf5d818a9ba26d4c838a3411e6306d1) Importer(815301076,1909f56bfc062723c751e8b465ee728b)  -> (artifact id: '5d87046d9b5619599acdff0233540851') in 1.265431 seconds 
========================================================================
Received Import Request.
  Time since last request: 0.000046 seconds.
  path: Assets/Models -- Secondary/Turnip.fbx
  artifactKey: Guid(b9b506d41cfc18245b4b76a9300a3291) Importer(815301076,1909f56bfc062723c751e8b465ee728b)
Start importing Assets/Models -- Secondary/Turnip.fbx using Guid(b9b506d41cfc18245b4b76a9300a3291) Importer(815301076,1909f56bfc062723c751e8b465ee728b)  -> (artifact id: '64310558b7a52277edeebde630f2f471') in 0.092161 seconds 
========================================================================
Received Import Request.
  Time since last request: 0.000572 seconds.
  path: Assets/Models -- Secondary/Carrot.fbx
  artifactKey: Guid(b9a5d879e56f81b438fccdaceee5b279) Importer(815301076,1909f56bfc062723c751e8b465ee728b)
Start importing Assets/Models -- Secondary/Carrot.fbx using Guid(b9a5d879e56f81b438fccdaceee5b279) Importer(815301076,1909f56bfc062723c751e8b465ee728b)  -> (artifact id: '987aa05632da1632b0e8344e8e096f07') in 0.085355 seconds 
