Using pre-set license
Built from '2021.3/staging' branch; Version is '2021.3.21f1 (1b156197d683) revision 1774945'; Using compiler version '192829333'; Build Type 'Release'
OS: 'Windows 10  (10.0.19044) 64bit Professional' Language: 'fr' Physical Memory: 7981 MB
BatchMode: 1, IsHumanControllingUs: 0, StartBugReporterOnCrash: 0, Is64bit: 1, IsPro: 1

COMMAND LINE ARGUMENTS:
C:\Program Files\Unity\Hub\Editor\2021.3.21f1\Editor\Unity.exe
-adb2
-batchMode
-noUpm
-name
AssetImportWorker0
-projectPath
C:/Users/mJORDA/Desktop/very_stag_trip
-logFile
Logs/AssetImportWorker0.log
-srvPort
65183
Successfully changed project path to: C:/Users/mJORDA/Desktop/very_stag_trip
C:/Users/mJORDA/Desktop/very_stag_trip
[UnityMemory] Configuration Parameters - Can be set up in boot.config
    "memorysetup-bucket-allocator-granularity=16"
    "memorysetup-bucket-allocator-bucket-count=8"
    "memorysetup-bucket-allocator-block-size=33554432"
    "memorysetup-bucket-allocator-block-count=8"
    "memorysetup-main-allocator-block-size=16777216"
    "memorysetup-thread-allocator-block-size=16777216"
    "memorysetup-gfx-main-allocator-block-size=16777216"
    "memorysetup-gfx-thread-allocator-block-size=16777216"
    "memorysetup-cache-allocator-block-size=4194304"
    "memorysetup-typetree-allocator-block-size=2097152"
    "memorysetup-profiler-bucket-allocator-granularity=16"
    "memorysetup-profiler-bucket-allocator-bucket-count=8"
    "memorysetup-profiler-bucket-allocator-block-size=33554432"
    "memorysetup-profiler-bucket-allocator-block-count=8"
    "memorysetup-profiler-allocator-block-size=16777216"
    "memorysetup-profiler-editor-allocator-block-size=1048576"
    "memorysetup-temp-allocator-size-main=16777216"
    "memorysetup-job-temp-allocator-block-size=2097152"
    "memorysetup-job-temp-allocator-block-size-background=1048576"
    "memorysetup-job-temp-allocator-reduction-small-platforms=262144"
    "memorysetup-temp-allocator-size-background-worker=32768"
    "memorysetup-temp-allocator-size-job-worker=262144"
    "memorysetup-temp-allocator-size-preload-manager=33554432"
    "memorysetup-temp-allocator-size-nav-mesh-worker=65536"
    "memorysetup-temp-allocator-size-audio-worker=65536"
    "memorysetup-temp-allocator-size-cloud-worker=32768"
    "memorysetup-temp-allocator-size-gi-baking-worker=262144"
    "memorysetup-temp-allocator-size-gfx=262144"
Player connection [23176] Host "[IP] 172.27.128.1 [Port] 0 [Flags] 2 [Guid] 2735841049 [EditorId] 2735841049 [Version] 1048832 [Id] WindowsEditor(7,LPTGNINF0821001) [Debug] 1 [PackageName] WindowsEditor [ProjectName] Editor" joined multi-casting on [225.0.0.222:54997]...

Player connection [23176] Host "[IP] 172.27.128.1 [Port] 0 [Flags] 2 [Guid] 2735841049 [EditorId] 2735841049 [Version] 1048832 [Id] WindowsEditor(7,LPTGNINF0821001) [Debug] 1 [PackageName] WindowsEditor [ProjectName] Editor" joined alternative multi-casting on [225.0.0.222:34997]...

Refreshing native plugins compatible for Editor in 453.59 ms, found 3 plugins.
Preloading 0 native plugins for Editor in 0.00 ms.
Initialize engine version: 2021.3.21f1 (1b156197d683)
[Subsystems] Discovering subsystems at path C:/Program Files/Unity/Hub/Editor/2021.3.21f1/Editor/Data/Resources/UnitySubsystems
[Subsystems] Discovering subsystems at path C:/Users/mJORDA/Desktop/very_stag_trip/Assets
GfxDevice: creating device client; threaded=0; jobified=0
Direct3D:
    Version:  Direct3D 11.0 [level 11.1]
    Renderer: Intel(R) UHD Graphics (ID=0x8a56)
    Vendor:   Intel
    VRAM:     3990 MB
    Driver:   27.20.100.9079
Initialize mono
Mono path[0] = 'C:/Program Files/Unity/Hub/Editor/2021.3.21f1/Editor/Data/Managed'
Mono path[1] = 'C:/Program Files/Unity/Hub/Editor/2021.3.21f1/Editor/Data/MonoBleedingEdge/lib/mono/unityjit-win32'
Mono config path = 'C:/Program Files/Unity/Hub/Editor/2021.3.21f1/Editor/Data/MonoBleedingEdge/etc'
Using monoOptions --debugger-agent=transport=dt_socket,embedding=1,server=y,suspend=n,address=127.0.0.1:56132
Begin MonoManager ReloadAssembly
Registering precompiled unity dll's ...
Register platform support module: C:/Program Files/Unity/Hub/Editor/2021.3.21f1/Editor/Data/PlaybackEngines/WindowsStandaloneSupport/UnityEditor.WindowsStandalone.Extensions.dll
Registered in 0.056545 seconds.
Native extension for WindowsStandalone target not found
Refreshing native plugins compatible for Editor in 143.49 ms, found 3 plugins.
Preloading 0 native plugins for Editor in 0.00 ms.
Mono: successfully reloaded assembly
- Completed reload, in  2.874 seconds
Domain Reload Profiling:
	ReloadAssembly (2875ms)
		BeginReloadAssembly (1432ms)
			ExecutionOrderSort (0ms)
			DisableScriptedObjects (0ms)
			BackupInstance (0ms)
			ReleaseScriptingObjects (0ms)
			CreateAndSetChildDomain (2ms)
		EndReloadAssembly (979ms)
			LoadAssemblies (1428ms)
			RebuildTransferFunctionScriptingTraits (0ms)
			SetupTypeCache (353ms)
			ReleaseScriptCaches (0ms)
			RebuildScriptCaches (48ms)
			SetupLoadedEditorAssemblies (492ms)
				LogAssemblyErrors (0ms)
				InitializePlatformSupportModulesInManaged (20ms)
				SetLoadedEditorAssemblies (0ms)
				RefreshPlugins (144ms)
				BeforeProcessingInitializeOnLoad (2ms)
				ProcessInitializeOnLoadAttributes (239ms)
				ProcessInitializeOnLoadMethodAttributes (86ms)
				AfterProcessingInitializeOnLoad (0ms)
				EditorAssembliesLoaded (0ms)
			ExecutionOrderSort2 (0ms)
			AwakeInstancesAfterBackupRestoration (0ms)
Platform modules already initialized, skipping
Registering precompiled user dll's ...
Registered in 0.012689 seconds.
Begin MonoManager ReloadAssembly
Native extension for WindowsStandalone target not found
Refreshing native plugins compatible for Editor in 1.11 ms, found 3 plugins.
Preloading 0 native plugins for Editor in 0.00 ms.
Mono: successfully reloaded assembly
- Completed reload, in  3.928 seconds
Domain Reload Profiling:
	ReloadAssembly (3930ms)
		BeginReloadAssembly (389ms)
			ExecutionOrderSort (0ms)
			DisableScriptedObjects (12ms)
			BackupInstance (0ms)
			ReleaseScriptingObjects (0ms)
			CreateAndSetChildDomain (32ms)
		EndReloadAssembly (3332ms)
			LoadAssemblies (1826ms)
			RebuildTransferFunctionScriptingTraits (0ms)
			SetupTypeCache (610ms)
			ReleaseScriptCaches (1ms)
			RebuildScriptCaches (97ms)
			SetupLoadedEditorAssemblies (848ms)
				LogAssemblyErrors (0ms)
				InitializePlatformSupportModulesInManaged (10ms)
				SetLoadedEditorAssemblies (1ms)
				RefreshPlugins (1ms)
				BeforeProcessingInitializeOnLoad (129ms)
				ProcessInitializeOnLoadAttributes (603ms)
				ProcessInitializeOnLoadMethodAttributes (50ms)
				AfterProcessingInitializeOnLoad (53ms)
				EditorAssembliesLoaded (0ms)
			ExecutionOrderSort2 (0ms)
			AwakeInstancesAfterBackupRestoration (23ms)
Platform modules already initialized, skipping
========================================================================
Worker process is ready to serve import requests
Launched and connected shader compiler UnityShaderCompiler.exe after 0.21 seconds
Refreshing native plugins compatible for Editor in 0.86 ms, found 3 plugins.
Preloading 0 native plugins for Editor in 0.00 ms.
Unloading 3237 Unused Serialized files (Serialized files now loaded: 0)
Unloading 37 unused Assets / (186.5 KB). Loaded Objects now: 3717.
Memory consumption went from 188.7 MB to 188.5 MB.
Total: 9.453000 ms (FindLiveObjects: 0.648400 ms CreateObjectMapping: 0.337700 ms MarkObjects: 7.733500 ms  DeleteObjects: 0.731400 ms)

AssetImportParameters requested are different than current active one (requested -> active):
  custom:video-decoder-ogg-theora: a1e56fd34408186e4bbccfd4996cb3dc -> 
  custom:container-muxer-webm: aa71ff27fc2769a1b78a27578f13a17b -> 
  custom:container-demuxer-webm: 4f35f7cbe854078d1ac9338744f61a02 -> 
  custom:video-encoder-webm-vp8: eb34c28f22e8b96e1ab97ce403110664 -> 
  custom:audio-encoder-webm-vorbis: bf7c407c2cedff20999df2af8eb42d56 -> 
  custom:framework-win-MediaFoundation: 216162199b28c13a410421893ffa2e32 -> 
  custom:container-demuxer-ogg: 62fdf1f143b41e24485cea50d1cbac27 -> 
  custom:video-decoder-webm-vp8: 9c59270c3fd7afecdb556c50c9e8de78 -> 
  custom:audio-decoder-ogg-vorbis: bf7c407c2cedff20999df2af8eb42d56 -> 
========================================================================
Received Import Request.
  Time since last request: 99336.324882 seconds.
  path: Assets/bordered_bar.png
  artifactKey: Guid(d0ed6dfa6d791d74dbb26bd4c475d272) Importer(815301076,1909f56bfc062723c751e8b465ee728b)
Start importing Assets/bordered_bar.png using Guid(d0ed6dfa6d791d74dbb26bd4c475d272) Importer(815301076,1909f56bfc062723c751e8b465ee728b)  -> (artifact id: 'd1eaecd6094c1af65bd225369b990724') in 0.163623 seconds 
========================================================================
Received Import Request.
  Time since last request: 76.010585 seconds.
  path: Assets/bordered_bar.png
  artifactKey: Guid(d0ed6dfa6d791d74dbb26bd4c475d272) Importer(815301076,1909f56bfc062723c751e8b465ee728b)
Start importing Assets/bordered_bar.png using Guid(d0ed6dfa6d791d74dbb26bd4c475d272) Importer(815301076,1909f56bfc062723c751e8b465ee728b)  -> (artifact id: '4e67862505cd290401135d4ab981c6a1') in 0.185586 seconds 
========================================================================
Received Import Request.
  Time since last request: 2.168204 seconds.
  path: Assets/DialogueManager.cs
  artifactKey: Guid(1236068fe00f43b4d88482a44e49a740) Importer(815301076,1909f56bfc062723c751e8b465ee728b)
Start importing Assets/DialogueManager.cs using Guid(1236068fe00f43b4d88482a44e49a740) Importer(815301076,1909f56bfc062723c751e8b465ee728b)  -> (artifact id: 'f1c58ab271af83a129425f7565c8c905') in 0.027055 seconds 
========================================================================
Received Import Request.
  Time since last request: 63.319766 seconds.
  path: Assets/bordered_bar.png
  artifactKey: Guid(d0ed6dfa6d791d74dbb26bd4c475d272) Importer(815301076,1909f56bfc062723c751e8b465ee728b)
Start importing Assets/bordered_bar.png using Guid(d0ed6dfa6d791d74dbb26bd4c475d272) Importer(815301076,1909f56bfc062723c751e8b465ee728b)  -> (artifact id: '4413995270c0c5d9dcc11613f4195c31') in 0.074043 seconds 
========================================================================
Received Import Request.
  Time since last request: 80.471672 seconds.
  path: Assets/bordered_bar.png
  artifactKey: Guid(d0ed6dfa6d791d74dbb26bd4c475d272) Importer(815301076,1909f56bfc062723c751e8b465ee728b)
Start importing Assets/bordered_bar.png using Guid(d0ed6dfa6d791d74dbb26bd4c475d272) Importer(815301076,1909f56bfc062723c751e8b465ee728b)  -> (artifact id: 'c55adcfb3e221398da6c41048344a0e9') in 0.094246 seconds 
========================================================================
Received Import Request.
  Time since last request: 453.851093 seconds.
  path: Assets/food_bg.png
  artifactKey: Guid(3be91a307eabc4646a43db9b6f26be34) Importer(815301076,1909f56bfc062723c751e8b465ee728b)
Start importing Assets/food_bg.png using Guid(3be91a307eabc4646a43db9b6f26be34) Importer(815301076,1909f56bfc062723c751e8b465ee728b)  -> (artifact id: 'd1d67fbb31464f208e1490112eaa730a') in 0.066069 seconds 
========================================================================
Received Import Request.
  Time since last request: 0.000061 seconds.
  path: Assets/stamina_bg.png
  artifactKey: Guid(026a6507769605745bf853dcd98a440b) Importer(815301076,1909f56bfc062723c751e8b465ee728b)
Start importing Assets/stamina_bg.png using Guid(026a6507769605745bf853dcd98a440b) Importer(815301076,1909f56bfc062723c751e8b465ee728b)  -> (artifact id: '510586122c0ad6050bde23f26a065bc5') in 0.095851 seconds 
========================================================================
Received Import Request.
  Time since last request: 0.000710 seconds.
  path: Assets/thirst_bg.png
  artifactKey: Guid(806fed53a6917224e8d6a2cd3c267066) Importer(815301076,1909f56bfc062723c751e8b465ee728b)
Start importing Assets/thirst_bg.png using Guid(806fed53a6917224e8d6a2cd3c267066) Importer(815301076,1909f56bfc062723c751e8b465ee728b)  -> (artifact id: '7ee0847dafb9004f9f9ffd98174f4fa3') in 0.052194 seconds 
========================================================================
Received Import Request.
  Time since last request: 694.728804 seconds.
  path: Assets/bordered_bar.png
  artifactKey: Guid(d0ed6dfa6d791d74dbb26bd4c475d272) Importer(815301076,1909f56bfc062723c751e8b465ee728b)
Start importing Assets/bordered_bar.png using Guid(d0ed6dfa6d791d74dbb26bd4c475d272) Importer(815301076,1909f56bfc062723c751e8b465ee728b)  -> (artifact id: '0192246d18ea40b9a5ccc9f0c87203fd') in 0.107283 seconds 
========================================================================
Received Import Request.
  Time since last request: 260.947650 seconds.
  path: Assets/thirst_bg.png
  artifactKey: Guid(806fed53a6917224e8d6a2cd3c267066) Importer(815301076,1909f56bfc062723c751e8b465ee728b)
Start importing Assets/thirst_bg.png using Guid(806fed53a6917224e8d6a2cd3c267066) Importer(815301076,1909f56bfc062723c751e8b465ee728b)  -> (artifact id: 'd687dc6ce9b13d403928609455bb5e0d') in 0.100998 seconds 
========================================================================
Received Import Request.
  Time since last request: 0.057577 seconds.
  path: Assets/food_bg.png
  artifactKey: Guid(3be91a307eabc4646a43db9b6f26be34) Importer(815301076,1909f56bfc062723c751e8b465ee728b)
Start importing Assets/food_bg.png using Guid(3be91a307eabc4646a43db9b6f26be34) Importer(815301076,1909f56bfc062723c751e8b465ee728b)  -> (artifact id: 'c6abeacf669a30cb47e3e2bd1cccf9fd') in 0.098790 seconds 
========================================================================
Received Import Request.
  Time since last request: 0.000219 seconds.
  path: Assets/stamina_bg.png
  artifactKey: Guid(026a6507769605745bf853dcd98a440b) Importer(815301076,1909f56bfc062723c751e8b465ee728b)
Start importing Assets/stamina_bg.png using Guid(026a6507769605745bf853dcd98a440b) Importer(815301076,1909f56bfc062723c751e8b465ee728b)  -> (artifact id: '9b4c44fb9775c80d0ab800b968f314cb') in 0.099095 seconds 
