Using pre-set license
Built from '2021.3/staging' branch; Version is '2021.3.21f1 (1b156197d683) revision 1774945'; Using compiler version '192829333'; Build Type 'Release'
OS: 'Windows 10  (10.0.19044) 64bit Professional' Language: 'fr' Physical Memory: 7981 MB
BatchMode: 1, IsHumanControllingUs: 0, StartBugReporterOnCrash: 0, Is64bit: 1, IsPro: 1

COMMAND LINE ARGUMENTS:
C:\Program Files\Unity\Hub\Editor\2021.3.21f1\Editor\Unity.exe
-adb2
-batchMode
-noUpm
-name
AssetImportWorker2
-projectPath
C:/Users/mJORDA/Desktop/very_stag_trip
-logFile
Logs/AssetImportWorker2.log
-srvPort
54317
Successfully changed project path to: C:/Users/mJORDA/Desktop/very_stag_trip
C:/Users/mJORDA/Desktop/very_stag_trip
[UnityMemory] Configuration Parameters - Can be set up in boot.config
    "memorysetup-bucket-allocator-granularity=16"
    "memorysetup-bucket-allocator-bucket-count=8"
    "memorysetup-bucket-allocator-block-size=33554432"
    "memorysetup-bucket-allocator-block-count=8"
    "memorysetup-main-allocator-block-size=16777216"
    "memorysetup-thread-allocator-block-size=16777216"
    "memorysetup-gfx-main-allocator-block-size=16777216"
    "memorysetup-gfx-thread-allocator-block-size=16777216"
    "memorysetup-cache-allocator-block-size=4194304"
    "memorysetup-typetree-allocator-block-size=2097152"
    "memorysetup-profiler-bucket-allocator-granularity=16"
    "memorysetup-profiler-bucket-allocator-bucket-count=8"
    "memorysetup-profiler-bucket-allocator-block-size=33554432"
    "memorysetup-profiler-bucket-allocator-block-count=8"
    "memorysetup-profiler-allocator-block-size=16777216"
    "memorysetup-profiler-editor-allocator-block-size=1048576"
    "memorysetup-temp-allocator-size-main=16777216"
    "memorysetup-job-temp-allocator-block-size=2097152"
    "memorysetup-job-temp-allocator-block-size-background=1048576"
    "memorysetup-job-temp-allocator-reduction-small-platforms=262144"
    "memorysetup-temp-allocator-size-background-worker=32768"
    "memorysetup-temp-allocator-size-job-worker=262144"
    "memorysetup-temp-allocator-size-preload-manager=33554432"
    "memorysetup-temp-allocator-size-nav-mesh-worker=65536"
    "memorysetup-temp-allocator-size-audio-worker=65536"
    "memorysetup-temp-allocator-size-cloud-worker=32768"
    "memorysetup-temp-allocator-size-gi-baking-worker=262144"
    "memorysetup-temp-allocator-size-gfx=262144"
Player connection [2764] Host "[IP] 172.22.240.1 [Port] 0 [Flags] 2 [Guid] 878505392 [EditorId] 878505392 [Version] 1048832 [Id] WindowsEditor(7,LPTGNINF0821001) [Debug] 1 [PackageName] WindowsEditor [ProjectName] Editor" joined multi-casting on [225.0.0.222:54997]...

Player connection [2764] Host "[IP] 172.22.240.1 [Port] 0 [Flags] 2 [Guid] 878505392 [EditorId] 878505392 [Version] 1048832 [Id] WindowsEditor(7,LPTGNINF0821001) [Debug] 1 [PackageName] WindowsEditor [ProjectName] Editor" joined alternative multi-casting on [225.0.0.222:34997]...

Refreshing native plugins compatible for Editor in 149.47 ms, found 3 plugins.
Preloading 0 native plugins for Editor in 0.00 ms.
Initialize engine version: 2021.3.21f1 (1b156197d683)
[Subsystems] Discovering subsystems at path C:/Program Files/Unity/Hub/Editor/2021.3.21f1/Editor/Data/Resources/UnitySubsystems
[Subsystems] Discovering subsystems at path C:/Users/mJORDA/Desktop/very_stag_trip/Assets
GfxDevice: creating device client; threaded=0; jobified=0
Direct3D:
    Version:  Direct3D 11.0 [level 11.1]
    Renderer: Intel(R) UHD Graphics (ID=0x8a56)
    Vendor:   Intel
    VRAM:     3990 MB
    Driver:   27.20.100.9079
Initialize mono
Mono path[0] = 'C:/Program Files/Unity/Hub/Editor/2021.3.21f1/Editor/Data/Managed'
Mono path[1] = 'C:/Program Files/Unity/Hub/Editor/2021.3.21f1/Editor/Data/MonoBleedingEdge/lib/mono/unityjit-win32'
Mono config path = 'C:/Program Files/Unity/Hub/Editor/2021.3.21f1/Editor/Data/MonoBleedingEdge/etc'
Using monoOptions --debugger-agent=transport=dt_socket,embedding=1,server=y,suspend=n,address=127.0.0.1:56864
Begin MonoManager ReloadAssembly
Registering precompiled unity dll's ...
Register platform support module: C:/Program Files/Unity/Hub/Editor/2021.3.21f1/Editor/Data/PlaybackEngines/WindowsStandaloneSupport/UnityEditor.WindowsStandalone.Extensions.dll
Registered in 0.012750 seconds.
Native extension for WindowsStandalone target not found
Refreshing native plugins compatible for Editor in 95.18 ms, found 3 plugins.
Preloading 0 native plugins for Editor in 0.00 ms.
Mono: successfully reloaded assembly
- Completed reload, in  1.790 seconds
Domain Reload Profiling:
	ReloadAssembly (1790ms)
		BeginReloadAssembly (232ms)
			ExecutionOrderSort (0ms)
			DisableScriptedObjects (0ms)
			BackupInstance (0ms)
			ReleaseScriptingObjects (0ms)
			CreateAndSetChildDomain (2ms)
		EndReloadAssembly (1055ms)
			LoadAssemblies (228ms)
			RebuildTransferFunctionScriptingTraits (0ms)
			SetupTypeCache (325ms)
			ReleaseScriptCaches (0ms)
			RebuildScriptCaches (31ms)
			SetupLoadedEditorAssemblies (455ms)
				LogAssemblyErrors (0ms)
				InitializePlatformSupportModulesInManaged (9ms)
				SetLoadedEditorAssemblies (0ms)
				RefreshPlugins (95ms)
				BeforeProcessingInitializeOnLoad (2ms)
				ProcessInitializeOnLoadAttributes (277ms)
				ProcessInitializeOnLoadMethodAttributes (72ms)
				AfterProcessingInitializeOnLoad (0ms)
				EditorAssembliesLoaded (0ms)
			ExecutionOrderSort2 (0ms)
			AwakeInstancesAfterBackupRestoration (0ms)
Platform modules already initialized, skipping
Registering precompiled user dll's ...
Registered in 0.603234 seconds.
Begin MonoManager ReloadAssembly
Native extension for WindowsStandalone target not found
Refreshing native plugins compatible for Editor in 0.58 ms, found 3 plugins.
Preloading 0 native plugins for Editor in 0.00 ms.
Mono: successfully reloaded assembly
- Completed reload, in  1.657 seconds
Domain Reload Profiling:
	ReloadAssembly (1659ms)
		BeginReloadAssembly (173ms)
			ExecutionOrderSort (0ms)
			DisableScriptedObjects (8ms)
			BackupInstance (0ms)
			ReleaseScriptingObjects (0ms)
			CreateAndSetChildDomain (23ms)
		EndReloadAssembly (1326ms)
			LoadAssemblies (226ms)
			RebuildTransferFunctionScriptingTraits (0ms)
			SetupTypeCache (418ms)
			ReleaseScriptCaches (1ms)
			RebuildScriptCaches (74ms)
			SetupLoadedEditorAssemblies (584ms)
				LogAssemblyErrors (0ms)
				InitializePlatformSupportModulesInManaged (7ms)
				SetLoadedEditorAssemblies (1ms)
				RefreshPlugins (1ms)
				BeforeProcessingInitializeOnLoad (106ms)
				ProcessInitializeOnLoadAttributes (429ms)
				ProcessInitializeOnLoadMethodAttributes (30ms)
				AfterProcessingInitializeOnLoad (11ms)
				EditorAssembliesLoaded (0ms)
			ExecutionOrderSort2 (0ms)
			AwakeInstancesAfterBackupRestoration (9ms)
Platform modules already initialized, skipping
========================================================================
Worker process is ready to serve import requests
Launched and connected shader compiler UnityShaderCompiler.exe after 0.09 seconds
Refreshing native plugins compatible for Editor in 0.65 ms, found 3 plugins.
Preloading 0 native plugins for Editor in 0.00 ms.
Unloading 3242 Unused Serialized files (Serialized files now loaded: 0)
Unloading 37 unused Assets / (186.4 KB). Loaded Objects now: 3722.
Memory consumption went from 188.8 MB to 188.6 MB.
Total: 7.848500 ms (FindLiveObjects: 0.371300 ms CreateObjectMapping: 0.262700 ms MarkObjects: 6.209700 ms  DeleteObjects: 1.002600 ms)

AssetImportParameters requested are different than current active one (requested -> active):
  custom:video-decoder-ogg-theora: a1e56fd34408186e4bbccfd4996cb3dc -> 
  custom:container-muxer-webm: aa71ff27fc2769a1b78a27578f13a17b -> 
  custom:container-demuxer-webm: 4f35f7cbe854078d1ac9338744f61a02 -> 
  custom:video-encoder-webm-vp8: eb34c28f22e8b96e1ab97ce403110664 -> 
  custom:audio-encoder-webm-vorbis: bf7c407c2cedff20999df2af8eb42d56 -> 
  custom:framework-win-MediaFoundation: 216162199b28c13a410421893ffa2e32 -> 
  custom:container-demuxer-ogg: 62fdf1f143b41e24485cea50d1cbac27 -> 
  custom:video-decoder-webm-vp8: 9c59270c3fd7afecdb556c50c9e8de78 -> 
  custom:audio-decoder-ogg-vorbis: bf7c407c2cedff20999df2af8eb42d56 -> 
========================================================================
Received Import Request.
  Time since last request: 150477.552446 seconds.
  path: Assets/Models -- Extracted Materials
  artifactKey: Guid(86954ab9c6244dc48b9bc26182d72daf) Importer(815301076,1909f56bfc062723c751e8b465ee728b)
Start importing Assets/Models -- Extracted Materials using Guid(86954ab9c6244dc48b9bc26182d72daf) Importer(815301076,1909f56bfc062723c751e8b465ee728b)  -> (artifact id: '7bc7455c166d07ca2ac31dd1210d8b38') in 0.012800 seconds 
========================================================================
Received Prepare
Registering precompiled user dll's ...
Registered in 0.012989 seconds.
Begin MonoManager ReloadAssembly
Native extension for WindowsStandalone target not found
Refreshing native plugins compatible for Editor in 0.89 ms, found 3 plugins.
Preloading 0 native plugins for Editor in 0.00 ms.
Mono: successfully reloaded assembly
- Completed reload, in 11.471 seconds
Domain Reload Profiling:
	ReloadAssembly (11491ms)
		BeginReloadAssembly (2848ms)
			ExecutionOrderSort (0ms)
			DisableScriptedObjects (51ms)
			BackupInstance (0ms)
			ReleaseScriptingObjects (0ms)
			CreateAndSetChildDomain (381ms)
		EndReloadAssembly (7415ms)
			LoadAssemblies (2267ms)
			RebuildTransferFunctionScriptingTraits (0ms)
			SetupTypeCache (3164ms)
			ReleaseScriptCaches (9ms)
			RebuildScriptCaches (320ms)
			SetupLoadedEditorAssemblies (2749ms)
				LogAssemblyErrors (0ms)
				InitializePlatformSupportModulesInManaged (44ms)
				SetLoadedEditorAssemblies (1ms)
				RefreshPlugins (1ms)
				BeforeProcessingInitializeOnLoad (491ms)
				ProcessInitializeOnLoadAttributes (1829ms)
				ProcessInitializeOnLoadMethodAttributes (294ms)
				AfterProcessingInitializeOnLoad (88ms)
				EditorAssembliesLoaded (0ms)
			ExecutionOrderSort2 (0ms)
			AwakeInstancesAfterBackupRestoration (53ms)
Platform modules already initialized, skipping
Refreshing native plugins compatible for Editor in 16.61 ms, found 3 plugins.
Preloading 0 native plugins for Editor in 0.00 ms.
Unloading 3212 Unused Serialized files (Serialized files now loaded: 0)
Unloading 18 unused Assets / (153.3 KB). Loaded Objects now: 3737.
Memory consumption went from 186.0 MB to 185.9 MB.
Total: 15.930700 ms (FindLiveObjects: 6.510500 ms CreateObjectMapping: 0.865000 ms MarkObjects: 7.718300 ms  DeleteObjects: 0.827300 ms)

AssetImportParameters requested are different than current active one (requested -> active):
  custom:video-decoder-ogg-theora: a1e56fd34408186e4bbccfd4996cb3dc -> 
  custom:container-muxer-webm: aa71ff27fc2769a1b78a27578f13a17b -> 
  custom:container-demuxer-webm: 4f35f7cbe854078d1ac9338744f61a02 -> 
  custom:video-encoder-webm-vp8: eb34c28f22e8b96e1ab97ce403110664 -> 
  custom:audio-encoder-webm-vorbis: bf7c407c2cedff20999df2af8eb42d56 -> 
  custom:framework-win-MediaFoundation: 216162199b28c13a410421893ffa2e32 -> 
  custom:container-demuxer-ogg: 62fdf1f143b41e24485cea50d1cbac27 -> 
  custom:video-decoder-webm-vp8: 9c59270c3fd7afecdb556c50c9e8de78 -> 
  custom:audio-decoder-ogg-vorbis: bf7c407c2cedff20999df2af8eb42d56 -> 
========================================================================
Received Prepare
Registering precompiled user dll's ...
Registered in 0.014031 seconds.
Begin MonoManager ReloadAssembly
Native extension for WindowsStandalone target not found
Refreshing native plugins compatible for Editor in 0.63 ms, found 3 plugins.
Preloading 0 native plugins for Editor in 0.00 ms.
Mono: successfully reloaded assembly
- Completed reload, in  1.738 seconds
Domain Reload Profiling:
	ReloadAssembly (1739ms)
		BeginReloadAssembly (338ms)
			ExecutionOrderSort (0ms)
			DisableScriptedObjects (18ms)
			BackupInstance (0ms)
			ReleaseScriptingObjects (0ms)
			CreateAndSetChildDomain (62ms)
		EndReloadAssembly (1257ms)
			LoadAssemblies (244ms)
			RebuildTransferFunctionScriptingTraits (0ms)
			SetupTypeCache (475ms)
			ReleaseScriptCaches (1ms)
			RebuildScriptCaches (67ms)
			SetupLoadedEditorAssemblies (490ms)
				LogAssemblyErrors (0ms)
				InitializePlatformSupportModulesInManaged (10ms)
				SetLoadedEditorAssemblies (1ms)
				RefreshPlugins (1ms)
				BeforeProcessingInitializeOnLoad (100ms)
				ProcessInitializeOnLoadAttributes (338ms)
				ProcessInitializeOnLoadMethodAttributes (29ms)
				AfterProcessingInitializeOnLoad (11ms)
				EditorAssembliesLoaded (0ms)
			ExecutionOrderSort2 (0ms)
			AwakeInstancesAfterBackupRestoration (9ms)
Platform modules already initialized, skipping
Refreshing native plugins compatible for Editor in 3.13 ms, found 3 plugins.
Preloading 0 native plugins for Editor in 0.00 ms.
Unloading 3212 Unused Serialized files (Serialized files now loaded: 0)
Unloading 18 unused Assets / (153.2 KB). Loaded Objects now: 3752.
Memory consumption went from 186.1 MB to 185.9 MB.
Total: 3.439100 ms (FindLiveObjects: 0.249900 ms CreateObjectMapping: 0.165600 ms MarkObjects: 2.772200 ms  DeleteObjects: 0.250000 ms)

AssetImportParameters requested are different than current active one (requested -> active):
  custom:video-decoder-ogg-theora: a1e56fd34408186e4bbccfd4996cb3dc -> 
  custom:container-muxer-webm: aa71ff27fc2769a1b78a27578f13a17b -> 
  custom:container-demuxer-webm: 4f35f7cbe854078d1ac9338744f61a02 -> 
  custom:video-encoder-webm-vp8: eb34c28f22e8b96e1ab97ce403110664 -> 
  custom:audio-encoder-webm-vorbis: bf7c407c2cedff20999df2af8eb42d56 -> 
  custom:framework-win-MediaFoundation: 216162199b28c13a410421893ffa2e32 -> 
  custom:container-demuxer-ogg: 62fdf1f143b41e24485cea50d1cbac27 -> 
  custom:video-decoder-webm-vp8: 9c59270c3fd7afecdb556c50c9e8de78 -> 
  custom:audio-decoder-ogg-vorbis: bf7c407c2cedff20999df2af8eb42d56 -> 
========================================================================
Received Prepare
Registering precompiled user dll's ...
Registered in 0.011635 seconds.
Begin MonoManager ReloadAssembly
Native extension for WindowsStandalone target not found
Refreshing native plugins compatible for Editor in 2.04 ms, found 3 plugins.
Preloading 0 native plugins for Editor in 0.00 ms.
Mono: successfully reloaded assembly
- Completed reload, in  8.944 seconds
Domain Reload Profiling:
	ReloadAssembly (8947ms)
		BeginReloadAssembly (925ms)
			ExecutionOrderSort (0ms)
			DisableScriptedObjects (27ms)
			BackupInstance (0ms)
			ReleaseScriptingObjects (0ms)
			CreateAndSetChildDomain (172ms)
		EndReloadAssembly (7282ms)
			LoadAssemblies (766ms)
			RebuildTransferFunctionScriptingTraits (0ms)
			SetupTypeCache (2156ms)
			ReleaseScriptCaches (3ms)
			RebuildScriptCaches (380ms)
			SetupLoadedEditorAssemblies (3605ms)
				LogAssemblyErrors (0ms)
				InitializePlatformSupportModulesInManaged (37ms)
				SetLoadedEditorAssemblies (3ms)
				RefreshPlugins (3ms)
				BeforeProcessingInitializeOnLoad (626ms)
				ProcessInitializeOnLoadAttributes (2632ms)
				ProcessInitializeOnLoadMethodAttributes (202ms)
				AfterProcessingInitializeOnLoad (102ms)
				EditorAssembliesLoaded (1ms)
			ExecutionOrderSort2 (0ms)
			AwakeInstancesAfterBackupRestoration (65ms)
Platform modules already initialized, skipping
Refreshing native plugins compatible for Editor in 14.57 ms, found 3 plugins.
Preloading 0 native plugins for Editor in 0.00 ms.
Unloading 3212 Unused Serialized files (Serialized files now loaded: 0)
Unloading 18 unused Assets / (153.5 KB). Loaded Objects now: 3767.
Memory consumption went from 186.1 MB to 185.9 MB.
Total: 13.445200 ms (FindLiveObjects: 0.716300 ms CreateObjectMapping: 0.436200 ms MarkObjects: 12.083600 ms  DeleteObjects: 0.206600 ms)

AssetImportParameters requested are different than current active one (requested -> active):
  custom:video-decoder-ogg-theora: a1e56fd34408186e4bbccfd4996cb3dc -> 
  custom:container-muxer-webm: aa71ff27fc2769a1b78a27578f13a17b -> 
  custom:container-demuxer-webm: 4f35f7cbe854078d1ac9338744f61a02 -> 
  custom:video-encoder-webm-vp8: eb34c28f22e8b96e1ab97ce403110664 -> 
  custom:audio-encoder-webm-vorbis: bf7c407c2cedff20999df2af8eb42d56 -> 
  custom:framework-win-MediaFoundation: 216162199b28c13a410421893ffa2e32 -> 
  custom:container-demuxer-ogg: 62fdf1f143b41e24485cea50d1cbac27 -> 
  custom:video-decoder-webm-vp8: 9c59270c3fd7afecdb556c50c9e8de78 -> 
  custom:audio-decoder-ogg-vorbis: bf7c407c2cedff20999df2af8eb42d56 -> 
========================================================================
Received Import Request.
  Time since last request: 955.130084 seconds.
  path: Assets/Handpainted_Grass_and_Ground_Textures/Textures/Dirt/dirt_lighted_rocks/dirt_lighted_rocks_left.png
  artifactKey: Guid(44539289dc168c7459c80fe1f9f061e7) Importer(815301076,1909f56bfc062723c751e8b465ee728b)
Start importing Assets/Handpainted_Grass_and_Ground_Textures/Textures/Dirt/dirt_lighted_rocks/dirt_lighted_rocks_left.png using Guid(44539289dc168c7459c80fe1f9f061e7) Importer(815301076,1909f56bfc062723c751e8b465ee728b)  -> (artifact id: 'bfe08f7a76a580e885ed029d822b7a7f') in 0.238281 seconds 
========================================================================
Received Import Request.
  Time since last request: 2.689751 seconds.
  path: Assets/Terrain Folder
  artifactKey: Guid(f249b0d1eaec2b242a7df0df4f232f4f) Importer(815301076,1909f56bfc062723c751e8b465ee728b)
Start importing Assets/Terrain Folder using Guid(f249b0d1eaec2b242a7df0df4f232f4f) Importer(815301076,1909f56bfc062723c751e8b465ee728b)  -> (artifact id: '18f01cf39a4cfeda8a722d923c3e5dac') in 0.009426 seconds 
========================================================================
Received Import Request.
  Time since last request: 0.045003 seconds.
  path: Assets/Terrain Folder/TerrainData.asset
  artifactKey: Guid(bac2e2dd6bc4b4244bdcf1355faad3fa) Importer(815301076,1909f56bfc062723c751e8b465ee728b)
Start importing Assets/Terrain Folder/TerrainData.asset using Guid(bac2e2dd6bc4b4244bdcf1355faad3fa) Importer(815301076,1909f56bfc062723c751e8b465ee728b) The tree Carrot must use the Nature/Soft Occlusion shader. Otherwise billboarding/lighting will not work correctly.
 -> (artifact id: '280ade9954118e7b39732e230a45e78f') in 0.135995 seconds 
========================================================================
Received Import Request.
  Time since last request: 0.000143 seconds.
  path: Assets/Terrain Folder/TerrainData_4feca32d-88d7-4f84-b9ec-2e15c4967d9c.asset
  artifactKey: Guid(d6e7a02160779a0498731182fcc4cea2) Importer(815301076,1909f56bfc062723c751e8b465ee728b)
Start importing Assets/Terrain Folder/TerrainData_4feca32d-88d7-4f84-b9ec-2e15c4967d9c.asset using Guid(d6e7a02160779a0498731182fcc4cea2) Importer(815301076,1909f56bfc062723c751e8b465ee728b)  -> (artifact id: 'f502b3d5f90675f0ea1abca2af238f2b') in 0.036659 seconds 
========================================================================
Received Import Request.
  Time since last request: 0.000064 seconds.
  path: Assets/Terrain Folder/TerrainData_68e53706-e68a-42be-bdd2-e400e171f8f0.asset
  artifactKey: Guid(afd3477337e019246bf33c444bafcd49) Importer(815301076,1909f56bfc062723c751e8b465ee728b)
Start importing Assets/Terrain Folder/TerrainData_68e53706-e68a-42be-bdd2-e400e171f8f0.asset using Guid(afd3477337e019246bf33c444bafcd49) Importer(815301076,1909f56bfc062723c751e8b465ee728b)  -> (artifact id: '02c20400ce1cbd6a0a2a5cf66efcbb50') in 0.039855 seconds 
========================================================================
Received Import Request.
  Time since last request: 0.000040 seconds.
  path: Assets/Terrain Folder/TerrainData_f53026b0-3d63-4c6e-b229-e201982a5f3a.asset
  artifactKey: Guid(611375d40c9787c4f84cb91f72b9a9b7) Importer(815301076,1909f56bfc062723c751e8b465ee728b)
Start importing Assets/Terrain Folder/TerrainData_f53026b0-3d63-4c6e-b229-e201982a5f3a.asset using Guid(611375d40c9787c4f84cb91f72b9a9b7) Importer(815301076,1909f56bfc062723c751e8b465ee728b)  -> (artifact id: 'ba661e9305063d6902ffecaf8f8e8d16') in 0.044838 seconds 
========================================================================
Received Import Request.
  Time since last request: 0.000040 seconds.
  path: Assets/Terrain Folder/TerrainData_fd92199b-3b18-4a91-b32e-9e8b1188be92.asset
  artifactKey: Guid(9f19886f53b4c704e9b7ed63ddb51c67) Importer(815301076,1909f56bfc062723c751e8b465ee728b)
Start importing Assets/Terrain Folder/TerrainData_fd92199b-3b18-4a91-b32e-9e8b1188be92.asset using Guid(9f19886f53b4c704e9b7ed63ddb51c67) Importer(815301076,1909f56bfc062723c751e8b465ee728b)  -> (artifact id: 'e97e41a9b4c3fa2cbfa7b0d15e1e6c5b') in 0.048387 seconds 
========================================================================
Received Import Request.
  Time since last request: 0.000054 seconds.
  path: Assets/Terrain Folder/TerrainData_028cb3ae-bd63-4db0-b5af-aadc5ef42bf1.asset
  artifactKey: Guid(a3cd62a291f58cb4abe8251d29d43828) Importer(815301076,1909f56bfc062723c751e8b465ee728b)
Start importing Assets/Terrain Folder/TerrainData_028cb3ae-bd63-4db0-b5af-aadc5ef42bf1.asset using Guid(a3cd62a291f58cb4abe8251d29d43828) Importer(815301076,1909f56bfc062723c751e8b465ee728b)  -> (artifact id: '948537132208ed2c9ab43cfec311d640') in 0.037563 seconds 
========================================================================
Received Import Request.
  Time since last request: 0.000040 seconds.
  path: Assets/Terrain Folder/TerrainData_7bc50c70-662e-4a0e-a3b9-b1e861d10258.asset
  artifactKey: Guid(43242af991343a54695c70b829c74dcc) Importer(815301076,1909f56bfc062723c751e8b465ee728b)
Start importing Assets/Terrain Folder/TerrainData_7bc50c70-662e-4a0e-a3b9-b1e861d10258.asset using Guid(43242af991343a54695c70b829c74dcc) Importer(815301076,1909f56bfc062723c751e8b465ee728b)  -> (artifact id: 'ebe8cd17c0935dc27d93c4cae71ba76a') in 0.037318 seconds 
========================================================================
Received Import Request.
  Time since last request: 0.000571 seconds.
  path: Assets/Terrain Folder/TerrainData_51ae0b38-3eda-4ff0-99c5-b960c503b074.asset
  artifactKey: Guid(76802829a98653f40a1bcf4bfa05ad85) Importer(815301076,1909f56bfc062723c751e8b465ee728b)
Start importing Assets/Terrain Folder/TerrainData_51ae0b38-3eda-4ff0-99c5-b960c503b074.asset using Guid(76802829a98653f40a1bcf4bfa05ad85) Importer(815301076,1909f56bfc062723c751e8b465ee728b)  -> (artifact id: 'cfa1fd479b31cdda139a9edeebc6c70a') in 0.034480 seconds 
========================================================================
Received Import Request.
  Time since last request: 0.000033 seconds.
  path: Assets/Terrain Folder/TerrainData_01ca7e7e-94f8-465d-ab5e-30fb1a865c37.asset
  artifactKey: Guid(8ea24a64172eb0941a427fefa895266b) Importer(815301076,1909f56bfc062723c751e8b465ee728b)
Start importing Assets/Terrain Folder/TerrainData_01ca7e7e-94f8-465d-ab5e-30fb1a865c37.asset using Guid(8ea24a64172eb0941a427fefa895266b) Importer(815301076,1909f56bfc062723c751e8b465ee728b)  -> (artifact id: '32d96bd23b391c4e1455bfc9e400eca0') in 0.038687 seconds 
========================================================================
Received Import Request.
  Time since last request: 3.263902 seconds.
  path: Assets/Handpainted_Grass_and_Ground_Textures/Textures/Grass/Grass_lighted/Grass_lighted_right.png
  artifactKey: Guid(1cc842c6c568a764eaec781aab3e01b5) Importer(815301076,1909f56bfc062723c751e8b465ee728b)
Start importing Assets/Handpainted_Grass_and_Ground_Textures/Textures/Grass/Grass_lighted/Grass_lighted_right.png using Guid(1cc842c6c568a764eaec781aab3e01b5) Importer(815301076,1909f56bfc062723c751e8b465ee728b)  -> (artifact id: '81859383267ea3efa9022bb107a8d7a7') in 0.060525 seconds 
========================================================================
Received Import Request.
  Time since last request: 0.000059 seconds.
  path: Assets/Handpainted_Grass_and_Ground_Textures/Textures/Grass/Grass_darked/Grass_darked_right.png
  artifactKey: Guid(ec7bab56bfdc3d147b9e1fda8c12082d) Importer(815301076,1909f56bfc062723c751e8b465ee728b)
Start importing Assets/Handpainted_Grass_and_Ground_Textures/Textures/Grass/Grass_darked/Grass_darked_right.png using Guid(ec7bab56bfdc3d147b9e1fda8c12082d) Importer(815301076,1909f56bfc062723c751e8b465ee728b)  -> (artifact id: '7830e9e9723181f12ed36ad5e2534345') in 0.027644 seconds 
========================================================================
Received Import Request.
  Time since last request: 0.000114 seconds.
  path: Assets/Handpainted_Grass_and_Ground_Textures/Textures/Grass/Grass_bluetint/Grass_bluetint_up.png
  artifactKey: Guid(87faeff29765dd54d93f5ba0cdabfa58) Importer(815301076,1909f56bfc062723c751e8b465ee728b)
Start importing Assets/Handpainted_Grass_and_Ground_Textures/Textures/Grass/Grass_bluetint/Grass_bluetint_up.png using Guid(87faeff29765dd54d93f5ba0cdabfa58) Importer(815301076,1909f56bfc062723c751e8b465ee728b)  -> (artifact id: '1a69c630db392ebfd0f13f8fe802c70f') in 0.043419 seconds 
========================================================================
Received Import Request.
  Time since last request: 54.590649 seconds.
  path: Assets/Handpainted_Grass_and_Ground_Textures/Textures/Dirt/dirt_lighted/dirt_lighted_down.png
  artifactKey: Guid(16fdc16af892fc745890a4d5720a58dd) Importer(815301076,1909f56bfc062723c751e8b465ee728b)
Start importing Assets/Handpainted_Grass_and_Ground_Textures/Textures/Dirt/dirt_lighted/dirt_lighted_down.png using Guid(16fdc16af892fc745890a4d5720a58dd) Importer(815301076,1909f56bfc062723c751e8b465ee728b)  -> (artifact id: 'd166f0c4f9b1ced05196c1b9af07c7db') in 0.053235 seconds 
========================================================================
Received Import Request.
  Time since last request: 0.000029 seconds.
  path: Assets/Handpainted_Grass_and_Ground_Textures/Textures/Grass/Grass_bluetint/Grass_bluetint_right.png
  artifactKey: Guid(d211bc1342827ac44b6b1bd93cf8f969) Importer(815301076,1909f56bfc062723c751e8b465ee728b)
Start importing Assets/Handpainted_Grass_and_Ground_Textures/Textures/Grass/Grass_bluetint/Grass_bluetint_right.png using Guid(d211bc1342827ac44b6b1bd93cf8f969) Importer(815301076,1909f56bfc062723c751e8b465ee728b)  -> (artifact id: '2fc1392cd376508cc2d3659f5ea2cdfd') in 0.056841 seconds 
========================================================================
Received Import Request.
  Time since last request: 0.000084 seconds.
  path: Assets/Handpainted_Grass_and_Ground_Textures/Textures/Dirt/dirt_overcorrupted/dirt_overcorrupted_right.png
  artifactKey: Guid(57e1518f4c4216f47ab2cf51a7c84a5e) Importer(815301076,1909f56bfc062723c751e8b465ee728b)
Start importing Assets/Handpainted_Grass_and_Ground_Textures/Textures/Dirt/dirt_overcorrupted/dirt_overcorrupted_right.png using Guid(57e1518f4c4216f47ab2cf51a7c84a5e) Importer(815301076,1909f56bfc062723c751e8b465ee728b)  -> (artifact id: '8b7aa1bf23ebc735fdfe8c9f87968359') in 0.048888 seconds 
========================================================================
Received Import Request.
  Time since last request: 0.000035 seconds.
  path: Assets/Handpainted_Grass_and_Ground_Textures/Textures/Dirt/dirt_overcorrupted/dirt_overcorrupted_left.png
  artifactKey: Guid(764d25cbe34d80248aa19a09604d65bb) Importer(815301076,1909f56bfc062723c751e8b465ee728b)
Start importing Assets/Handpainted_Grass_and_Ground_Textures/Textures/Dirt/dirt_overcorrupted/dirt_overcorrupted_left.png using Guid(764d25cbe34d80248aa19a09604d65bb) Importer(815301076,1909f56bfc062723c751e8b465ee728b)  -> (artifact id: '774ec48a8ac07358ea533e10968df325') in 0.039139 seconds 
========================================================================
Received Import Request.
  Time since last request: 0.000054 seconds.
  path: Assets/Handpainted_Grass_and_Ground_Textures/Textures/Dirt/dirt_normal/dirt_normal_right.png
  artifactKey: Guid(ff9814537d0ed194cbbac0f2bb3086bc) Importer(815301076,1909f56bfc062723c751e8b465ee728b)
Start importing Assets/Handpainted_Grass_and_Ground_Textures/Textures/Dirt/dirt_normal/dirt_normal_right.png using Guid(ff9814537d0ed194cbbac0f2bb3086bc) Importer(815301076,1909f56bfc062723c751e8b465ee728b)  -> (artifact id: '8f46b8263a3a591275dd392f72e81252') in 0.045168 seconds 
========================================================================
Received Import Request.
  Time since last request: 0.000029 seconds.
  path: Assets/Handpainted_Grass_and_Ground_Textures/Textures/Grass/Grass_bluetint/Grass_bluetint_left.png
  artifactKey: Guid(4b13c3aa7713124418fd1f17e83a5be7) Importer(815301076,1909f56bfc062723c751e8b465ee728b)
Start importing Assets/Handpainted_Grass_and_Ground_Textures/Textures/Grass/Grass_bluetint/Grass_bluetint_left.png using Guid(4b13c3aa7713124418fd1f17e83a5be7) Importer(815301076,1909f56bfc062723c751e8b465ee728b)  -> (artifact id: '0a104a6281b6480855fb275980d7b52f') in 0.040454 seconds 
========================================================================
Received Import Request.
  Time since last request: 0.000032 seconds.
  path: Assets/Handpainted_Grass_and_Ground_Textures/Textures/Dirt/dirt_overdesatured/dirt_overdesatured_left.png
  artifactKey: Guid(9de32f657d23953449e678af4ca10dfc) Importer(815301076,1909f56bfc062723c751e8b465ee728b)
Start importing Assets/Handpainted_Grass_and_Ground_Textures/Textures/Dirt/dirt_overdesatured/dirt_overdesatured_left.png using Guid(9de32f657d23953449e678af4ca10dfc) Importer(815301076,1909f56bfc062723c751e8b465ee728b)  -> (artifact id: '5dade56ae89726d59d0c40943d6181ea') in 0.036910 seconds 
========================================================================
Received Import Request.
  Time since last request: 0.000040 seconds.
  path: Assets/Handpainted_Grass_and_Ground_Textures/Textures/Dirt/dirt_normal/dirt_normal_left.png
  artifactKey: Guid(564301c44b28a8a4288812f7d3327726) Importer(815301076,1909f56bfc062723c751e8b465ee728b)
Start importing Assets/Handpainted_Grass_and_Ground_Textures/Textures/Dirt/dirt_normal/dirt_normal_left.png using Guid(564301c44b28a8a4288812f7d3327726) Importer(815301076,1909f56bfc062723c751e8b465ee728b)  -> (artifact id: '28f8aab1660f5a6e54a4be600c9f9fda') in 0.060007 seconds 
========================================================================
Received Import Request.
  Time since last request: 0.000038 seconds.
  path: Assets/Handpainted_Grass_and_Ground_Textures/Textures/Dirt/dirt_lighted/dirt_lighted_right.png
  artifactKey: Guid(92975eac003d6b744815ff80bf8b3aee) Importer(815301076,1909f56bfc062723c751e8b465ee728b)
Start importing Assets/Handpainted_Grass_and_Ground_Textures/Textures/Dirt/dirt_lighted/dirt_lighted_right.png using Guid(92975eac003d6b744815ff80bf8b3aee) Importer(815301076,1909f56bfc062723c751e8b465ee728b)  -> (artifact id: '9edecaf1163e2d24e156c75a496287be') in 0.039493 seconds 
========================================================================
Received Import Request.
  Time since last request: 0.000128 seconds.
  path: Assets/Handpainted_Grass_and_Ground_Textures/Textures/Dirt/dirt_lighted_rocks/dirt_lighted_rocks_up.png
  artifactKey: Guid(23434846625707a47a591d9f045898fb) Importer(815301076,1909f56bfc062723c751e8b465ee728b)
Start importing Assets/Handpainted_Grass_and_Ground_Textures/Textures/Dirt/dirt_lighted_rocks/dirt_lighted_rocks_up.png using Guid(23434846625707a47a591d9f045898fb) Importer(815301076,1909f56bfc062723c751e8b465ee728b)  -> (artifact id: '1faeb63206caadd716e98ef5b4d2fafc') in 0.039225 seconds 
========================================================================
Received Import Request.
  Time since last request: 0.000136 seconds.
  path: Assets/TextMesh Pro/Sprites/EmojiOne.png
  artifactKey: Guid(dffef66376be4fa480fb02b19edbe903) Importer(815301076,1909f56bfc062723c751e8b465ee728b)
Start importing Assets/TextMesh Pro/Sprites/EmojiOne.png using Guid(dffef66376be4fa480fb02b19edbe903) Importer(815301076,1909f56bfc062723c751e8b465ee728b)  -> (artifact id: 'd042c2e777230c19e5b4c0850ca66f17') in 0.030786 seconds 
========================================================================
Received Import Request.
  Time since last request: 0.000038 seconds.
  path: Assets/Handpainted_Grass_and_Ground_Textures/Textures/Dirt/dirt_overdesatured/dirt_overdesatured_down.png
  artifactKey: Guid(f1c4c6bce19b05f48aa26fb0b06fd7e0) Importer(815301076,1909f56bfc062723c751e8b465ee728b)
Start importing Assets/Handpainted_Grass_and_Ground_Textures/Textures/Dirt/dirt_overdesatured/dirt_overdesatured_down.png using Guid(f1c4c6bce19b05f48aa26fb0b06fd7e0) Importer(815301076,1909f56bfc062723c751e8b465ee728b)  -> (artifact id: 'e608d6b4df4c9b717db3a1b4af72fba2') in 0.037963 seconds 
========================================================================
Received Import Request.
  Time since last request: 0.000031 seconds.
  path: Assets/Handpainted_Grass_and_Ground_Textures/Textures/Dirt/dirt_lighted/dirt_lighted_up.png
  artifactKey: Guid(20aa0f234461fbc46ae6fe91f504e2f6) Importer(815301076,1909f56bfc062723c751e8b465ee728b)
Start importing Assets/Handpainted_Grass_and_Ground_Textures/Textures/Dirt/dirt_lighted/dirt_lighted_up.png using Guid(20aa0f234461fbc46ae6fe91f504e2f6) Importer(815301076,1909f56bfc062723c751e8b465ee728b)  -> (artifact id: 'fdb37bee201f2fb0f8e1b2916d65a972') in 0.042263 seconds 
========================================================================
Received Import Request.
  Time since last request: 0.000046 seconds.
  path: Assets/Handpainted_Grass_and_Ground_Textures/Textures/Dirt/dirt_lighted_rocks/dirt_lighted_rocks_right.png
  artifactKey: Guid(168bf79e2688a4547819cac011e4caba) Importer(815301076,1909f56bfc062723c751e8b465ee728b)
Start importing Assets/Handpainted_Grass_and_Ground_Textures/Textures/Dirt/dirt_lighted_rocks/dirt_lighted_rocks_right.png using Guid(168bf79e2688a4547819cac011e4caba) Importer(815301076,1909f56bfc062723c751e8b465ee728b)  -> (artifact id: '8c3d9708ba7f9f410acff017c3455e21') in 0.049123 seconds 
========================================================================
Received Import Request.
  Time since last request: 0.000085 seconds.
  path: Assets/Handpainted_Grass_and_Ground_Textures/Textures/Dirt/dirt_overcorrupted/dirt_overcorrupted_down.png
  artifactKey: Guid(87a98dc20286b194c8e608e017e9150a) Importer(815301076,1909f56bfc062723c751e8b465ee728b)
Start importing Assets/Handpainted_Grass_and_Ground_Textures/Textures/Dirt/dirt_overcorrupted/dirt_overcorrupted_down.png using Guid(87a98dc20286b194c8e608e017e9150a) Importer(815301076,1909f56bfc062723c751e8b465ee728b)  -> (artifact id: 'a7e447c8b16a313b66ae224bfbfeeaad') in 0.060872 seconds 
========================================================================
Received Import Request.
  Time since last request: 0.000065 seconds.
  path: Assets/Handpainted_Grass_and_Ground_Textures/Textures/Dirt/dirt_lighted/dirt_lighted_left.png
  artifactKey: Guid(dca83dcb27c238d4b807b4746e7f6ffe) Importer(815301076,1909f56bfc062723c751e8b465ee728b)
Start importing Assets/Handpainted_Grass_and_Ground_Textures/Textures/Dirt/dirt_lighted/dirt_lighted_left.png using Guid(dca83dcb27c238d4b807b4746e7f6ffe) Importer(815301076,1909f56bfc062723c751e8b465ee728b)  -> (artifact id: '183389cfe623fc98eeb17d1472f94f89') in 0.059594 seconds 
========================================================================
Received Import Request.
  Time since last request: 0.000037 seconds.
  path: Assets/Handpainted_Grass_and_Ground_Textures/Textures/Dirt/dirt_lighted_rocks/dirt_lighted_rocks_down.png
  artifactKey: Guid(85ed2b41abc7c82499e10ac4feaa0590) Importer(815301076,1909f56bfc062723c751e8b465ee728b)
Start importing Assets/Handpainted_Grass_and_Ground_Textures/Textures/Dirt/dirt_lighted_rocks/dirt_lighted_rocks_down.png using Guid(85ed2b41abc7c82499e10ac4feaa0590) Importer(815301076,1909f56bfc062723c751e8b465ee728b)  -> (artifact id: 'ad248727460e5907507fed00f85a9118') in 0.047182 seconds 
========================================================================
Received Import Request.
  Time since last request: 0.000030 seconds.
  path: Assets/Handpainted_Grass_and_Ground_Textures/Textures/Dirt/dirt_overdesatured/dirt_overdesatured_right.png
  artifactKey: Guid(963c986739d9af642943566c5d733092) Importer(815301076,1909f56bfc062723c751e8b465ee728b)
Start importing Assets/Handpainted_Grass_and_Ground_Textures/Textures/Dirt/dirt_overdesatured/dirt_overdesatured_right.png using Guid(963c986739d9af642943566c5d733092) Importer(815301076,1909f56bfc062723c751e8b465ee728b)  -> (artifact id: 'fa0ab65326bd886d8e666613dca349ca') in 0.202648 seconds 
========================================================================
Received Import Request.
  Time since last request: 0.000038 seconds.
  path: Assets/Handpainted_Grass_and_Ground_Textures/Textures/Grass/Grass_lighted/Grass_lighted_left.png
  artifactKey: Guid(80d6d2d5125a9fa43999ca6f99876b08) Importer(815301076,1909f56bfc062723c751e8b465ee728b)
Start importing Assets/Handpainted_Grass_and_Ground_Textures/Textures/Grass/Grass_lighted/Grass_lighted_left.png using Guid(80d6d2d5125a9fa43999ca6f99876b08) Importer(815301076,1909f56bfc062723c751e8b465ee728b)  -> (artifact id: 'ff48fcf1e17d831d8190b7123919822e') in 0.061973 seconds 
========================================================================
Received Import Request.
  Time since last request: 0.000140 seconds.
  path: Assets/Handpainted_Grass_and_Ground_Textures/Textures/Grass/Grass_desatured/Grass_desatured_left.png
  artifactKey: Guid(d916e88f8aa1fa442944ce97554f6adf) Importer(815301076,1909f56bfc062723c751e8b465ee728b)
Start importing Assets/Handpainted_Grass_and_Ground_Textures/Textures/Grass/Grass_desatured/Grass_desatured_left.png using Guid(d916e88f8aa1fa442944ce97554f6adf) Importer(815301076,1909f56bfc062723c751e8b465ee728b)  -> (artifact id: 'af31ced6e2b9c26979b9f2a277c466ff') in 0.045392 seconds 
========================================================================
Received Import Request.
  Time since last request: 0.000044 seconds.
  path: Assets/Handpainted_Grass_and_Ground_Textures/Textures/Grass/Grass_normal/Grass_normal_down.png
  artifactKey: Guid(3d7e23f397bd4e347bc2a33df00d0897) Importer(815301076,1909f56bfc062723c751e8b465ee728b)
Start importing Assets/Handpainted_Grass_and_Ground_Textures/Textures/Grass/Grass_normal/Grass_normal_down.png using Guid(3d7e23f397bd4e347bc2a33df00d0897) Importer(815301076,1909f56bfc062723c751e8b465ee728b)  -> (artifact id: '900b980002109a3cdd0ee32f2ae9d863') in 0.029739 seconds 
========================================================================
Received Import Request.
  Time since last request: 0.000045 seconds.
  path: Assets/Handpainted_Grass_and_Ground_Textures/Textures/Grass/Grass_darked/Grass_darked_left.png
  artifactKey: Guid(2d46fcecf861db146a6a331115071f0e) Importer(815301076,1909f56bfc062723c751e8b465ee728b)
Start importing Assets/Handpainted_Grass_and_Ground_Textures/Textures/Grass/Grass_darked/Grass_darked_left.png using Guid(2d46fcecf861db146a6a331115071f0e) Importer(815301076,1909f56bfc062723c751e8b465ee728b)  -> (artifact id: '934cf9034f399469c6507112e5969a99') in 0.087920 seconds 
========================================================================
Received Import Request.
  Time since last request: 0.000042 seconds.
  path: Assets/Handpainted_Grass_and_Ground_Textures/Textures/Grass/Grass_overcorrupted/Grass_overcorrupted_down.png
  artifactKey: Guid(8acdc6d940b8a594792bbae9f254ed32) Importer(815301076,1909f56bfc062723c751e8b465ee728b)
Start importing Assets/Handpainted_Grass_and_Ground_Textures/Textures/Grass/Grass_overcorrupted/Grass_overcorrupted_down.png using Guid(8acdc6d940b8a594792bbae9f254ed32) Importer(815301076,1909f56bfc062723c751e8b465ee728b)  -> (artifact id: '9f907f63f4185fa0d50eb8e559e6cdc3') in 0.053567 seconds 
========================================================================
Received Import Request.
  Time since last request: 0.000671 seconds.
  path: Assets/Handpainted_Grass_and_Ground_Textures/Textures/Grass/Grass_corrupted/Grass_corrupted_right.png
  artifactKey: Guid(1751e30d5bcaf6e48853598b21d34826) Importer(815301076,1909f56bfc062723c751e8b465ee728b)
Start importing Assets/Handpainted_Grass_and_Ground_Textures/Textures/Grass/Grass_corrupted/Grass_corrupted_right.png using Guid(1751e30d5bcaf6e48853598b21d34826) Importer(815301076,1909f56bfc062723c751e8b465ee728b)  -> (artifact id: '2e4c92a186cde222652b85e850ed18f9') in 0.052595 seconds 
========================================================================
Received Import Request.
  Time since last request: 0.000097 seconds.
  path: Assets/Handpainted_Grass_and_Ground_Textures/Textures/Grass/Grass_corrupted/Grass_corrupted_down.png
  artifactKey: Guid(3d2d1e0a5d613ec41bd2b90a7d0ecec6) Importer(815301076,1909f56bfc062723c751e8b465ee728b)
Start importing Assets/Handpainted_Grass_and_Ground_Textures/Textures/Grass/Grass_corrupted/Grass_corrupted_down.png using Guid(3d2d1e0a5d613ec41bd2b90a7d0ecec6) Importer(815301076,1909f56bfc062723c751e8b465ee728b)  -> (artifact id: 'b3cf30a943c341261a98a989ad22942a') in 0.046820 seconds 
========================================================================
Received Import Request.
  Time since last request: 0.000039 seconds.
  path: Assets/Handpainted_Grass_and_Ground_Textures/Textures/Grass/Grass_normal/Grass_normal_up.png
  artifactKey: Guid(deb64ef6450ec574db0af67225551acf) Importer(815301076,1909f56bfc062723c751e8b465ee728b)
Start importing Assets/Handpainted_Grass_and_Ground_Textures/Textures/Grass/Grass_normal/Grass_normal_up.png using Guid(deb64ef6450ec574db0af67225551acf) Importer(815301076,1909f56bfc062723c751e8b465ee728b)  -> (artifact id: '5c45fd544ba9c695987ba7524bfa0faf') in 0.040294 seconds 
========================================================================
Received Import Request.
  Time since last request: 0.000048 seconds.
  path: Assets/Handpainted_Grass_and_Ground_Textures/Textures/Grass/Grass_overcorrupted/Grass_overcorrupted_up.png
  artifactKey: Guid(fd8c3363a4dd30247bee08b93a86a3a9) Importer(815301076,1909f56bfc062723c751e8b465ee728b)
Start importing Assets/Handpainted_Grass_and_Ground_Textures/Textures/Grass/Grass_overcorrupted/Grass_overcorrupted_up.png using Guid(fd8c3363a4dd30247bee08b93a86a3a9) Importer(815301076,1909f56bfc062723c751e8b465ee728b)  -> (artifact id: 'f494731aeb36bcb19e89bcaf6c091a12') in 0.042313 seconds 
========================================================================
Received Import Request.
  Time since last request: 0.000054 seconds.
  path: Assets/Handpainted_Grass_and_Ground_Textures/Textures/Grass/Grass_normal/Grass_normal_right.png
  artifactKey: Guid(1d15832a1a6e52b48a0fae0275b130dd) Importer(815301076,1909f56bfc062723c751e8b465ee728b)
Start importing Assets/Handpainted_Grass_and_Ground_Textures/Textures/Grass/Grass_normal/Grass_normal_right.png using Guid(1d15832a1a6e52b48a0fae0275b130dd) Importer(815301076,1909f56bfc062723c751e8b465ee728b)  -> (artifact id: 'd6f690d74b878afaceae7463e43cf3e1') in 0.043260 seconds 
========================================================================
Received Import Request.
  Time since last request: 0.000036 seconds.
  path: Assets/Handpainted_Grass_and_Ground_Textures/Textures/Grass/Grass_desatured/Grass_desatured_up.png
  artifactKey: Guid(08fd9bc0030381b4f832659a4622fcbc) Importer(815301076,1909f56bfc062723c751e8b465ee728b)
Start importing Assets/Handpainted_Grass_and_Ground_Textures/Textures/Grass/Grass_desatured/Grass_desatured_up.png using Guid(08fd9bc0030381b4f832659a4622fcbc) Importer(815301076,1909f56bfc062723c751e8b465ee728b)  -> (artifact id: '4b126c5204e170a2cbacbc5de284a2de') in 0.062576 seconds 
========================================================================
Received Import Request.
  Time since last request: 0.000029 seconds.
  path: Assets/Handpainted_Grass_and_Ground_Textures/Textures/Grass/Grass_corrupted/Grass_corrupted_left.png
  artifactKey: Guid(9f92a1df145a03f4e8cc6de30c1f413a) Importer(815301076,1909f56bfc062723c751e8b465ee728b)
Start importing Assets/Handpainted_Grass_and_Ground_Textures/Textures/Grass/Grass_corrupted/Grass_corrupted_left.png using Guid(9f92a1df145a03f4e8cc6de30c1f413a) Importer(815301076,1909f56bfc062723c751e8b465ee728b)  -> (artifact id: 'aab2c108ad59c10733d9ab20e7b804a8') in 0.051554 seconds 
========================================================================
Received Import Request.
  Time since last request: 0.000097 seconds.
  path: Assets/Handpainted_Grass_and_Ground_Textures/Textures/Grass/Grass_darked/Grass_darked_up.png
  artifactKey: Guid(df73a5b6a8127ff40a8c6840516304de) Importer(815301076,1909f56bfc062723c751e8b465ee728b)
Start importing Assets/Handpainted_Grass_and_Ground_Textures/Textures/Grass/Grass_darked/Grass_darked_up.png using Guid(df73a5b6a8127ff40a8c6840516304de) Importer(815301076,1909f56bfc062723c751e8b465ee728b)  -> (artifact id: 'c20e37300acdd2b4a7a35b0899193318') in 0.042045 seconds 
========================================================================
Received Import Request.
  Time since last request: 0.000044 seconds.
  path: Assets/Handpainted_Grass_and_Ground_Textures/Textures/Grass/Grass_darked/Grass_darked_down.png
  artifactKey: Guid(9234305f12ded3442b911c3ff978d340) Importer(815301076,1909f56bfc062723c751e8b465ee728b)
Start importing Assets/Handpainted_Grass_and_Ground_Textures/Textures/Grass/Grass_darked/Grass_darked_down.png using Guid(9234305f12ded3442b911c3ff978d340) Importer(815301076,1909f56bfc062723c751e8b465ee728b)  -> (artifact id: '874ca5bc1a608fabeece73c88b8f7ee6') in 0.040608 seconds 
========================================================================
Received Import Request.
  Time since last request: 0.000073 seconds.
  path: Assets/Handpainted_Grass_and_Ground_Textures/Textures/Grass/Grass_bluetint/Grass_bluetint_down.png
  artifactKey: Guid(5ec0f071b81b63241967c85ddfc73ff8) Importer(815301076,1909f56bfc062723c751e8b465ee728b)
Start importing Assets/Handpainted_Grass_and_Ground_Textures/Textures/Grass/Grass_bluetint/Grass_bluetint_down.png using Guid(5ec0f071b81b63241967c85ddfc73ff8) Importer(815301076,1909f56bfc062723c751e8b465ee728b)  -> (artifact id: 'e05ae5cd26b1fb1811e027f62463d90b') in 0.046599 seconds 
========================================================================
Received Import Request.
  Time since last request: 0.000040 seconds.
  path: Assets/Handpainted_Grass_and_Ground_Textures/Textures/Dirt/dirt_overdesatured/dirt_overdesatured_up.png
  artifactKey: Guid(0ce40b506ba1e10418a120c2ec1c4012) Importer(815301076,1909f56bfc062723c751e8b465ee728b)
Start importing Assets/Handpainted_Grass_and_Ground_Textures/Textures/Dirt/dirt_overdesatured/dirt_overdesatured_up.png using Guid(0ce40b506ba1e10418a120c2ec1c4012) Importer(815301076,1909f56bfc062723c751e8b465ee728b)  -> (artifact id: '3aa747d0f4b0d1ad8347a523e9fc86d4') in 0.049691 seconds 
========================================================================
Received Import Request.
  Time since last request: 0.000040 seconds.
  path: Assets/Handpainted_Grass_and_Ground_Textures/Textures/Grass/Grass_corrupted/Grass_corrupted_up.png
  artifactKey: Guid(a6ee5260deb44d247ae90120ee36766b) Importer(815301076,1909f56bfc062723c751e8b465ee728b)
Start importing Assets/Handpainted_Grass_and_Ground_Textures/Textures/Grass/Grass_corrupted/Grass_corrupted_up.png using Guid(a6ee5260deb44d247ae90120ee36766b) Importer(815301076,1909f56bfc062723c751e8b465ee728b)  -> (artifact id: '653176a64b1068d57dabc2cebe2db749') in 0.039994 seconds 
========================================================================
Received Import Request.
  Time since last request: 0.000030 seconds.
  path: Assets/Handpainted_Grass_and_Ground_Textures/Textures/Dirt/dirt_normal/dirt_normal_up.png
  artifactKey: Guid(0dd443a2df90ef247be261e60d0ce83b) Importer(815301076,1909f56bfc062723c751e8b465ee728b)
Start importing Assets/Handpainted_Grass_and_Ground_Textures/Textures/Dirt/dirt_normal/dirt_normal_up.png using Guid(0dd443a2df90ef247be261e60d0ce83b) Importer(815301076,1909f56bfc062723c751e8b465ee728b)  -> (artifact id: '7d8bd53c91dc38324222cb6dd5518735') in 0.041659 seconds 
========================================================================
Received Import Request.
  Time since last request: 0.000048 seconds.
  path: Assets/Handpainted_Grass_and_Ground_Textures/Textures/Grass/Grass_normal/Grass_normal_left.png
  artifactKey: Guid(7bd486cf36b61954d9012c6704ab80a4) Importer(815301076,1909f56bfc062723c751e8b465ee728b)
Start importing Assets/Handpainted_Grass_and_Ground_Textures/Textures/Grass/Grass_normal/Grass_normal_left.png using Guid(7bd486cf36b61954d9012c6704ab80a4) Importer(815301076,1909f56bfc062723c751e8b465ee728b)  -> (artifact id: '5db714cf63c820cbdfdca97e4c6a3e2b') in 0.036648 seconds 
========================================================================
Received Import Request.
  Time since last request: 0.000052 seconds.
  path: Assets/Handpainted_Grass_and_Ground_Textures/Textures/Grass/Grass_lighted/Grass_lighted_down.png
  artifactKey: Guid(6e3abed3edda0ae4b876a53ee95f7d37) Importer(815301076,1909f56bfc062723c751e8b465ee728b)
Start importing Assets/Handpainted_Grass_and_Ground_Textures/Textures/Grass/Grass_lighted/Grass_lighted_down.png using Guid(6e3abed3edda0ae4b876a53ee95f7d37) Importer(815301076,1909f56bfc062723c751e8b465ee728b)  -> (artifact id: '55f951605be18028690cdc12e96f8a17') in 0.038721 seconds 
========================================================================
Received Import Request.
  Time since last request: 0.000035 seconds.
  path: Assets/Handpainted_Grass_and_Ground_Textures/Textures/Grass/Grass_overcorrupted/Grass_overcorrupted_left.png
  artifactKey: Guid(73a2b7bd437d85b4f94fcb42c2f94287) Importer(815301076,1909f56bfc062723c751e8b465ee728b)
Start importing Assets/Handpainted_Grass_and_Ground_Textures/Textures/Grass/Grass_overcorrupted/Grass_overcorrupted_left.png using Guid(73a2b7bd437d85b4f94fcb42c2f94287) Importer(815301076,1909f56bfc062723c751e8b465ee728b)  -> (artifact id: '342299c97cb546f466002583343a3067') in 0.052021 seconds 
========================================================================
Received Import Request.
  Time since last request: 0.000042 seconds.
  path: Assets/Handpainted_Grass_and_Ground_Textures/Textures/Grass/Grass_overcorrupted/Grass_overcorrupted_right.png
  artifactKey: Guid(7c336b3b2ecc2e648ae85a73fb3a537f) Importer(815301076,1909f56bfc062723c751e8b465ee728b)
Start importing Assets/Handpainted_Grass_and_Ground_Textures/Textures/Grass/Grass_overcorrupted/Grass_overcorrupted_right.png using Guid(7c336b3b2ecc2e648ae85a73fb3a537f) Importer(815301076,1909f56bfc062723c751e8b465ee728b)  -> (artifact id: '1f99663bbba3efc29817454ce1a3ef47') in 0.042666 seconds 
========================================================================
Received Import Request.
  Time since last request: 0.000030 seconds.
  path: Assets/Handpainted_Grass_and_Ground_Textures/Textures/Grass/Grass_desatured/Grass_desatured_down.png
  artifactKey: Guid(bf2b3b343fdc3044fa9aae22230ac40b) Importer(815301076,1909f56bfc062723c751e8b465ee728b)
Start importing Assets/Handpainted_Grass_and_Ground_Textures/Textures/Grass/Grass_desatured/Grass_desatured_down.png using Guid(bf2b3b343fdc3044fa9aae22230ac40b) Importer(815301076,1909f56bfc062723c751e8b465ee728b)  -> (artifact id: '57f1592ea01c3a619b720560e79a33f9') in 0.042331 seconds 
========================================================================
Received Import Request.
  Time since last request: 0.000039 seconds.
  path: Assets/Handpainted_Grass_and_Ground_Textures/Textures/Grass/Grass_desatured/Grass_desatured_right.png
  artifactKey: Guid(8cd3f7acfe19d4a4cb849c2b2ab2172a) Importer(815301076,1909f56bfc062723c751e8b465ee728b)
Start importing Assets/Handpainted_Grass_and_Ground_Textures/Textures/Grass/Grass_desatured/Grass_desatured_right.png using Guid(8cd3f7acfe19d4a4cb849c2b2ab2172a) Importer(815301076,1909f56bfc062723c751e8b465ee728b)  -> (artifact id: '6647294a2b14188c72ef7b17186c6a8d') in 0.045000 seconds 
========================================================================
Received Import Request.
  Time since last request: 0.000050 seconds.
  path: Assets/Sprites/food_bg.png
  artifactKey: Guid(3be91a307eabc4646a43db9b6f26be34) Importer(815301076,1909f56bfc062723c751e8b465ee728b)
Start importing Assets/Sprites/food_bg.png using Guid(3be91a307eabc4646a43db9b6f26be34) Importer(815301076,1909f56bfc062723c751e8b465ee728b)  -> (artifact id: 'c6abeacf669a30cb47e3e2bd1cccf9fd') in 0.164385 seconds 
========================================================================
Received Import Request.
  Time since last request: 0.000028 seconds.
  path: Assets/Handpainted_Grass_and_Ground_Textures/Textures/Dirt/dirt_normal/dirt_normal_down.png
  artifactKey: Guid(a75e09f09d7d9534a89ffd4ef071b436) Importer(815301076,1909f56bfc062723c751e8b465ee728b)
Start importing Assets/Handpainted_Grass_and_Ground_Textures/Textures/Dirt/dirt_normal/dirt_normal_down.png using Guid(a75e09f09d7d9534a89ffd4ef071b436) Importer(815301076,1909f56bfc062723c751e8b465ee728b)  -> (artifact id: '7a31bfd9f6b6685981c57e85759a8f53') in 0.063133 seconds 
========================================================================
Received Import Request.
  Time since last request: 0.000035 seconds.
  path: Assets/Handpainted_Grass_and_Ground_Textures/Textures/Grass/Grass_lighted/Grass_lighted_up.png
  artifactKey: Guid(9273b0666f47d5e4e86165bf96cb7404) Importer(815301076,1909f56bfc062723c751e8b465ee728b)
Start importing Assets/Handpainted_Grass_and_Ground_Textures/Textures/Grass/Grass_lighted/Grass_lighted_up.png using Guid(9273b0666f47d5e4e86165bf96cb7404) Importer(815301076,1909f56bfc062723c751e8b465ee728b)  -> (artifact id: '4ba20af8ce1cacd1dbfceea7bbd63ce1') in 0.055962 seconds 
========================================================================
Received Import Request.
  Time since last request: 172.594570 seconds.
  path: Assets/Terrain Folder/TerrainData_01ca7e7e-94f8-465d-ab5e-30fb1a865c37.asset
  artifactKey: Guid(8ea24a64172eb0941a427fefa895266b) Importer(815301076,1909f56bfc062723c751e8b465ee728b)
Start importing Assets/Terrain Folder/TerrainData_01ca7e7e-94f8-465d-ab5e-30fb1a865c37.asset using Guid(8ea24a64172eb0941a427fefa895266b) Importer(815301076,1909f56bfc062723c751e8b465ee728b)  -> (artifact id: '9935749826805e33fa2f26023f171e83') in 0.113286 seconds 
========================================================================
Received Import Request.
  Time since last request: 0.000048 seconds.
  path: Assets/Terrain Folder/TerrainData_4feca32d-88d7-4f84-b9ec-2e15c4967d9c.asset
  artifactKey: Guid(d6e7a02160779a0498731182fcc4cea2) Importer(815301076,1909f56bfc062723c751e8b465ee728b)
Start importing Assets/Terrain Folder/TerrainData_4feca32d-88d7-4f84-b9ec-2e15c4967d9c.asset using Guid(d6e7a02160779a0498731182fcc4cea2) Importer(815301076,1909f56bfc062723c751e8b465ee728b)  -> (artifact id: 'f358e7833943edc08f19cce6f876e6e9') in 0.061605 seconds 
========================================================================
Received Import Request.
  Time since last request: 0.000068 seconds.
  path: Assets/Terrain Folder/TerrainData_68e53706-e68a-42be-bdd2-e400e171f8f0.asset
  artifactKey: Guid(afd3477337e019246bf33c444bafcd49) Importer(815301076,1909f56bfc062723c751e8b465ee728b)
Start importing Assets/Terrain Folder/TerrainData_68e53706-e68a-42be-bdd2-e400e171f8f0.asset using Guid(afd3477337e019246bf33c444bafcd49) Importer(815301076,1909f56bfc062723c751e8b465ee728b)  -> (artifact id: '951a3a5e3c42781752437974cf454b8d') in 0.057707 seconds 
========================================================================
Received Import Request.
  Time since last request: 0.000060 seconds.
  path: Assets/Terrain Folder/TerrainData_f53026b0-3d63-4c6e-b229-e201982a5f3a.asset
  artifactKey: Guid(611375d40c9787c4f84cb91f72b9a9b7) Importer(815301076,1909f56bfc062723c751e8b465ee728b)
Start importing Assets/Terrain Folder/TerrainData_f53026b0-3d63-4c6e-b229-e201982a5f3a.asset using Guid(611375d40c9787c4f84cb91f72b9a9b7) Importer(815301076,1909f56bfc062723c751e8b465ee728b)  -> (artifact id: '25cac10ec1f72cd40244261256aa2b55') in 0.069902 seconds 
========================================================================
Received Import Request.
  Time since last request: 0.000035 seconds.
  path: Assets/Terrain Folder/TerrainLayer_BaseTerrain.terrainlayer
  artifactKey: Guid(2f02318a76516eb4d86b214a7bc24aac) Importer(815301076,1909f56bfc062723c751e8b465ee728b)
Start importing Assets/Terrain Folder/TerrainLayer_BaseTerrain.terrainlayer using Guid(2f02318a76516eb4d86b214a7bc24aac) Importer(815301076,1909f56bfc062723c751e8b465ee728b)  -> (artifact id: 'a4857da84e4a57422c78773e87f66296') in 0.122182 seconds 
========================================================================
Received Import Request.
  Time since last request: 0.006480 seconds.
  path: Assets/Terrain Folder/TerrainData_028cb3ae-bd63-4db0-b5af-aadc5ef42bf1.asset
  artifactKey: Guid(a3cd62a291f58cb4abe8251d29d43828) Importer(815301076,1909f56bfc062723c751e8b465ee728b)
Start importing Assets/Terrain Folder/TerrainData_028cb3ae-bd63-4db0-b5af-aadc5ef42bf1.asset using Guid(a3cd62a291f58cb4abe8251d29d43828) Importer(815301076,1909f56bfc062723c751e8b465ee728b)  -> (artifact id: '47cc84e9fd6ac3c8ec123a3d3d02578b') in 0.075817 seconds 
========================================================================
Received Prepare
Registering precompiled user dll's ...
Registered in 0.013759 seconds.
Begin MonoManager ReloadAssembly
Native extension for WindowsStandalone target not found
Refreshing native plugins compatible for Editor in 1.69 ms, found 3 plugins.
Preloading 0 native plugins for Editor in 0.00 ms.
Mono: successfully reloaded assembly
- Completed reload, in  6.600 seconds
Domain Reload Profiling:
	ReloadAssembly (6611ms)
		BeginReloadAssembly (914ms)
			ExecutionOrderSort (0ms)
			DisableScriptedObjects (34ms)
			BackupInstance (0ms)
			ReleaseScriptingObjects (0ms)
			CreateAndSetChildDomain (182ms)
		EndReloadAssembly (5050ms)
			LoadAssemblies (672ms)
			RebuildTransferFunctionScriptingTraits (0ms)
			SetupTypeCache (1457ms)
			ReleaseScriptCaches (16ms)
			RebuildScriptCaches (224ms)
			SetupLoadedEditorAssemblies (2637ms)
				LogAssemblyErrors (0ms)
				InitializePlatformSupportModulesInManaged (35ms)
				SetLoadedEditorAssemblies (2ms)
				RefreshPlugins (2ms)
				BeforeProcessingInitializeOnLoad (574ms)
				ProcessInitializeOnLoadAttributes (1835ms)
				ProcessInitializeOnLoadMethodAttributes (134ms)
				AfterProcessingInitializeOnLoad (53ms)
				EditorAssembliesLoaded (1ms)
			ExecutionOrderSort2 (0ms)
			AwakeInstancesAfterBackupRestoration (42ms)
Platform modules already initialized, skipping
Refreshing native plugins compatible for Editor in 12.83 ms, found 3 plugins.
Preloading 0 native plugins for Editor in 0.00 ms.
Unloading 3212 Unused Serialized files (Serialized files now loaded: 0)
Unloading 18 unused Assets / (153.4 KB). Loaded Objects now: 3792.
Memory consumption went from 190.6 MB to 190.5 MB.
Total: 15.136100 ms (FindLiveObjects: 0.753900 ms CreateObjectMapping: 0.818700 ms MarkObjects: 13.299100 ms  DeleteObjects: 0.261000 ms)

AssetImportParameters requested are different than current active one (requested -> active):
  custom:video-decoder-ogg-theora: a1e56fd34408186e4bbccfd4996cb3dc -> 
  custom:container-muxer-webm: aa71ff27fc2769a1b78a27578f13a17b -> 
  custom:container-demuxer-webm: 4f35f7cbe854078d1ac9338744f61a02 -> 
  custom:video-encoder-webm-vp8: eb34c28f22e8b96e1ab97ce403110664 -> 
  custom:audio-encoder-webm-vorbis: bf7c407c2cedff20999df2af8eb42d56 -> 
  custom:framework-win-MediaFoundation: 216162199b28c13a410421893ffa2e32 -> 
  custom:container-demuxer-ogg: 62fdf1f143b41e24485cea50d1cbac27 -> 
  custom:video-decoder-webm-vp8: 9c59270c3fd7afecdb556c50c9e8de78 -> 
  custom:audio-decoder-ogg-vorbis: bf7c407c2cedff20999df2af8eb42d56 -> 
========================================================================
Received Import Request.
  Time since last request: 24.323798 seconds.
  path: Assets/Terrain Folder/TerrainData_fd92199b-3b18-4a91-b32e-9e8b1188be92.asset
  artifactKey: Guid(9f19886f53b4c704e9b7ed63ddb51c67) Importer(815301076,1909f56bfc062723c751e8b465ee728b)
Start importing Assets/Terrain Folder/TerrainData_fd92199b-3b18-4a91-b32e-9e8b1188be92.asset using Guid(9f19886f53b4c704e9b7ed63ddb51c67) Importer(815301076,1909f56bfc062723c751e8b465ee728b)  -> (artifact id: '5f9f704fd4c7e9f5374e934062f0e64a') in 0.308991 seconds 
========================================================================
Received Import Request.
  Time since last request: 0.000118 seconds.
  path: Assets/Terrain Folder/TerrainData_7bc50c70-662e-4a0e-a3b9-b1e861d10258.asset
  artifactKey: Guid(43242af991343a54695c70b829c74dcc) Importer(815301076,1909f56bfc062723c751e8b465ee728b)
Start importing Assets/Terrain Folder/TerrainData_7bc50c70-662e-4a0e-a3b9-b1e861d10258.asset using Guid(43242af991343a54695c70b829c74dcc) Importer(815301076,1909f56bfc062723c751e8b465ee728b)  -> (artifact id: 'b41ef1851278244dcf0c2a453abaf175') in 0.076397 seconds 
========================================================================
Received Import Request.
  Time since last request: 0.000082 seconds.
  path: Assets/Terrain Folder/TerrainData_51ae0b38-3eda-4ff0-99c5-b960c503b074.asset
  artifactKey: Guid(76802829a98653f40a1bcf4bfa05ad85) Importer(815301076,1909f56bfc062723c751e8b465ee728b)
Start importing Assets/Terrain Folder/TerrainData_51ae0b38-3eda-4ff0-99c5-b960c503b074.asset using Guid(76802829a98653f40a1bcf4bfa05ad85) Importer(815301076,1909f56bfc062723c751e8b465ee728b)  -> (artifact id: 'dc3d45f4ff8a9d5932ca1315bb74a96d') in 0.067604 seconds 
========================================================================
Received Prepare
Registering precompiled user dll's ...
Registered in 0.011847 seconds.
Begin MonoManager ReloadAssembly
Native extension for WindowsStandalone target not found
Refreshing native plugins compatible for Editor in 0.99 ms, found 3 plugins.
Preloading 0 native plugins for Editor in 0.00 ms.
Mono: successfully reloaded assembly
- Completed reload, in 15.830 seconds
Domain Reload Profiling:
	ReloadAssembly (15834ms)
		BeginReloadAssembly (1834ms)
			ExecutionOrderSort (0ms)
			DisableScriptedObjects (75ms)
			BackupInstance (0ms)
			ReleaseScriptingObjects (1ms)
			CreateAndSetChildDomain (323ms)
		EndReloadAssembly (12421ms)
			LoadAssemblies (1539ms)
			RebuildTransferFunctionScriptingTraits (0ms)
			SetupTypeCache (3857ms)
			ReleaseScriptCaches (23ms)
			RebuildScriptCaches (668ms)
			SetupLoadedEditorAssemblies (5840ms)
				LogAssemblyErrors (0ms)
				InitializePlatformSupportModulesInManaged (119ms)
				SetLoadedEditorAssemblies (2ms)
				RefreshPlugins (1ms)
				BeforeProcessingInitializeOnLoad (1064ms)
				ProcessInitializeOnLoadAttributes (4161ms)
				ProcessInitializeOnLoadMethodAttributes (388ms)
				AfterProcessingInitializeOnLoad (104ms)
				EditorAssembliesLoaded (0ms)
			ExecutionOrderSort2 (0ms)
			AwakeInstancesAfterBackupRestoration (92ms)
Platform modules already initialized, skipping
Refreshing native plugins compatible for Editor in 6.07 ms, found 3 plugins.
Preloading 0 native plugins for Editor in 0.00 ms.
Unloading 3212 Unused Serialized files (Serialized files now loaded: 0)
Unloading 18 unused Assets / (153.3 KB). Loaded Objects now: 3807.
Memory consumption went from 190.6 MB to 190.5 MB.
Total: 3.262600 ms (FindLiveObjects: 0.279700 ms CreateObjectMapping: 0.198300 ms MarkObjects: 2.639000 ms  DeleteObjects: 0.143600 ms)

AssetImportParameters requested are different than current active one (requested -> active):
  custom:video-decoder-ogg-theora: a1e56fd34408186e4bbccfd4996cb3dc -> 
  custom:container-muxer-webm: aa71ff27fc2769a1b78a27578f13a17b -> 
  custom:container-demuxer-webm: 4f35f7cbe854078d1ac9338744f61a02 -> 
  custom:video-encoder-webm-vp8: eb34c28f22e8b96e1ab97ce403110664 -> 
  custom:audio-encoder-webm-vorbis: bf7c407c2cedff20999df2af8eb42d56 -> 
  custom:framework-win-MediaFoundation: 216162199b28c13a410421893ffa2e32 -> 
  custom:container-demuxer-ogg: 62fdf1f143b41e24485cea50d1cbac27 -> 
  custom:video-decoder-webm-vp8: 9c59270c3fd7afecdb556c50c9e8de78 -> 
  custom:audio-decoder-ogg-vorbis: bf7c407c2cedff20999df2af8eb42d56 -> 
========================================================================
Received Prepare
Registering precompiled user dll's ...
Registered in 0.010723 seconds.
Begin MonoManager ReloadAssembly
Native extension for WindowsStandalone target not found
Refreshing native plugins compatible for Editor in 2.15 ms, found 3 plugins.
Preloading 0 native plugins for Editor in 0.00 ms.
Mono: successfully reloaded assembly
- Completed reload, in  6.191 seconds
Domain Reload Profiling:
	ReloadAssembly (6193ms)
		BeginReloadAssembly (844ms)
			ExecutionOrderSort (0ms)
			DisableScriptedObjects (19ms)
			BackupInstance (0ms)
			ReleaseScriptingObjects (0ms)
			CreateAndSetChildDomain (138ms)
		EndReloadAssembly (4717ms)
			LoadAssemblies (613ms)
			RebuildTransferFunctionScriptingTraits (0ms)
			SetupTypeCache (1468ms)
			ReleaseScriptCaches (2ms)
			RebuildScriptCaches (216ms)
			SetupLoadedEditorAssemblies (2477ms)
				LogAssemblyErrors (0ms)
				InitializePlatformSupportModulesInManaged (20ms)
				SetLoadedEditorAssemblies (5ms)
				RefreshPlugins (2ms)
				BeforeProcessingInitializeOnLoad (311ms)
				ProcessInitializeOnLoadAttributes (1903ms)
				ProcessInitializeOnLoadMethodAttributes (162ms)
				AfterProcessingInitializeOnLoad (72ms)
				EditorAssembliesLoaded (1ms)
			ExecutionOrderSort2 (0ms)
			AwakeInstancesAfterBackupRestoration (53ms)
Platform modules already initialized, skipping
Refreshing native plugins compatible for Editor in 21.26 ms, found 3 plugins.
Preloading 0 native plugins for Editor in 0.00 ms.
Unloading 3212 Unused Serialized files (Serialized files now loaded: 0)
Unloading 18 unused Assets / (153.5 KB). Loaded Objects now: 3822.
Memory consumption went from 190.6 MB to 190.5 MB.
Total: 16.020400 ms (FindLiveObjects: 2.280200 ms CreateObjectMapping: 1.445000 ms MarkObjects: 12.044900 ms  DeleteObjects: 0.213000 ms)

AssetImportParameters requested are different than current active one (requested -> active):
  custom:video-decoder-ogg-theora: a1e56fd34408186e4bbccfd4996cb3dc -> 
  custom:container-muxer-webm: aa71ff27fc2769a1b78a27578f13a17b -> 
  custom:container-demuxer-webm: 4f35f7cbe854078d1ac9338744f61a02 -> 
  custom:video-encoder-webm-vp8: eb34c28f22e8b96e1ab97ce403110664 -> 
  custom:audio-encoder-webm-vorbis: bf7c407c2cedff20999df2af8eb42d56 -> 
  custom:framework-win-MediaFoundation: 216162199b28c13a410421893ffa2e32 -> 
  custom:container-demuxer-ogg: 62fdf1f143b41e24485cea50d1cbac27 -> 
  custom:video-decoder-webm-vp8: 9c59270c3fd7afecdb556c50c9e8de78 -> 
  custom:audio-decoder-ogg-vorbis: bf7c407c2cedff20999df2af8eb42d56 -> 
========================================================================
Received Prepare
Registering precompiled user dll's ...
Registered in 0.021429 seconds.
Begin MonoManager ReloadAssembly
Native extension for WindowsStandalone target not found
Refreshing native plugins compatible for Editor in 0.95 ms, found 3 plugins.
Preloading 0 native plugins for Editor in 0.00 ms.
Mono: successfully reloaded assembly
- Completed reload, in  8.372 seconds
Domain Reload Profiling:
	ReloadAssembly (8377ms)
		BeginReloadAssembly (1152ms)
			ExecutionOrderSort (0ms)
			DisableScriptedObjects (41ms)
			BackupInstance (0ms)
			ReleaseScriptingObjects (0ms)
			CreateAndSetChildDomain (221ms)
		EndReloadAssembly (6442ms)
			LoadAssemblies (890ms)
			RebuildTransferFunctionScriptingTraits (0ms)
			SetupTypeCache (2072ms)
			ReleaseScriptCaches (6ms)
			RebuildScriptCaches (349ms)
			SetupLoadedEditorAssemblies (3009ms)
				LogAssemblyErrors (0ms)
				InitializePlatformSupportModulesInManaged (49ms)
				SetLoadedEditorAssemblies (1ms)
				RefreshPlugins (1ms)
				BeforeProcessingInitializeOnLoad (814ms)
				ProcessInitializeOnLoadAttributes (1866ms)
				ProcessInitializeOnLoadMethodAttributes (187ms)
				AfterProcessingInitializeOnLoad (90ms)
				EditorAssembliesLoaded (1ms)
			ExecutionOrderSort2 (0ms)
			AwakeInstancesAfterBackupRestoration (43ms)
Platform modules already initialized, skipping
Refreshing native plugins compatible for Editor in 12.90 ms, found 3 plugins.
Preloading 0 native plugins for Editor in 0.00 ms.
Unloading 3212 Unused Serialized files (Serialized files now loaded: 0)
Unloading 18 unused Assets / (152.8 KB). Loaded Objects now: 3837.
Memory consumption went from 190.7 MB to 190.5 MB.
Total: 13.923800 ms (FindLiveObjects: 0.700400 ms CreateObjectMapping: 0.467700 ms MarkObjects: 12.511800 ms  DeleteObjects: 0.241300 ms)

AssetImportParameters requested are different than current active one (requested -> active):
  custom:video-decoder-ogg-theora: a1e56fd34408186e4bbccfd4996cb3dc -> 
  custom:container-muxer-webm: aa71ff27fc2769a1b78a27578f13a17b -> 
  custom:container-demuxer-webm: 4f35f7cbe854078d1ac9338744f61a02 -> 
  custom:video-encoder-webm-vp8: eb34c28f22e8b96e1ab97ce403110664 -> 
  custom:audio-encoder-webm-vorbis: bf7c407c2cedff20999df2af8eb42d56 -> 
  custom:framework-win-MediaFoundation: 216162199b28c13a410421893ffa2e32 -> 
  custom:container-demuxer-ogg: 62fdf1f143b41e24485cea50d1cbac27 -> 
  custom:video-decoder-webm-vp8: 9c59270c3fd7afecdb556c50c9e8de78 -> 
  custom:audio-decoder-ogg-vorbis: bf7c407c2cedff20999df2af8eb42d56 -> 
